22:58:24 INFO  : Processing command line option -hwspec C:/Users/phil/Documents/vivado/zybo_base_system/source/vivado/hw/zybo_bsd/zybo_bsd.sdk/system_wrapper.hdf.
22:58:57 INFO  : Processing command line option -hwspec C:/Users/phil/Documents/vivado/zybo_base_system/source/vivado/hw/zybo_bsd/zybo_bsd.sdk/system_wrapper.hdf.
22:58:58 INFO  : Checking for hwspec changes in the project system_wrapper_hw_platform_0.
23:03:22 ERROR :  [Hsm 55-1676] Not supported OS. It is supported only for xilkernel
23:03:22 ERROR :  [Hsm 55-1676] Not supported OS. It is supported only for xilkernel
23:03:37 ERROR :  [Hsm 55-1676] Not supported OS. It is supported only for xilkernel
01:18:46 INFO  : Refreshed build settings on project zynq_fsbl
01:21:04 INFO  : System reset is completed.
01:21:06 INFO  : FPGA configured successfully with bitstream "C:/Users/phil/Documents/vivado/zybo_base_system/source/vivado/hw/zybo_bsd/zybo_bsd.sdk/system_wrapper_hw_platform_0/system_wrapper.bit"
01:21:07 INFO  : ps7_init is completed.
01:21:07 INFO  : ps7_post_config is completed.
01:23:40 INFO  : Processor reset is completed for ps7_cortexa9_0
01:25:21 INFO  : Processor reset is completed for ps7_cortexa9_0
01:26:37 INFO  : Processor reset is completed for ps7_cortexa9_0
01:28:20 INFO  : Processor reset is completed for ps7_cortexa9_0
01:53:56 INFO  : Refreshed build settings on project benchmark
01:53:56 INFO  : Refreshed build settings on project hallo_welt
01:53:56 INFO  : Refreshed build settings on project memtest
01:53:56 INFO  : Refreshed build settings on project peripheral_test
01:53:56 INFO  : Refreshed build settings on project test_LED
01:53:56 INFO  : Refreshed build settings on project zynq_dramtest
01:56:01 INFO  : ps7_cortexa9_0 Processor is in use. Please stop existing Run or Debug sessions before launching.
01:56:05 INFO  : Processor reset is completed for ps7_cortexa9_0
02:02:54 INFO  : ps7_cortexa9_0 Processor is in use. Please stop existing Run or Debug sessions before launching.
02:02:55 INFO  : Processor reset is completed for ps7_cortexa9_0
02:03:10 INFO  : Processor reset is completed for ps7_cortexa9_0
02:06:25 INFO  : ps7_cortexa9_0 Processor is in use. Please stop existing Run or Debug sessions before launching.
02:06:29 INFO  : Processor reset is completed for ps7_cortexa9_0
02:07:29 INFO  : Processor reset is completed for ps7_cortexa9_0
02:08:15 INFO  : ps7_cortexa9_0 Processor is in use. Please stop existing Run or Debug sessions before launching.
02:08:17 INFO  : System reset is completed.
02:08:20 INFO  : FPGA configured successfully with bitstream "C:/Users/phil/Documents/vivado/zybo_base_system/source/vivado/hw/zybo_bsd/zybo_bsd.sdk/system_wrapper_hw_platform_0/system_wrapper.bit"
02:08:20 INFO  : ps7_init is completed.
02:08:21 INFO  : ps7_post_config is completed.
02:08:35 INFO  : ps7_cortexa9_0 Processor is in use. Please stop existing Run or Debug sessions before launching.
02:09:23 INFO  : ps7_cortexa9_0 Processor is in use. Please stop existing Run or Debug sessions before launching.
02:09:27 INFO  : System reset is completed.
02:09:30 INFO  : FPGA configured successfully with bitstream "C:/Users/phil/Documents/vivado/zybo_base_system/source/vivado/hw/zybo_bsd/zybo_bsd.sdk/system_wrapper_hw_platform_0/system_wrapper.bit"
02:09:31 INFO  : ps7_init is completed.
02:09:31 INFO  : ps7_post_config is completed.
02:12:33 INFO  : ps7_cortexa9_0 Processor is in use. Please stop existing Run or Debug sessions before launching.
02:12:50 INFO  : System reset is completed.
02:12:52 INFO  : FPGA configured successfully with bitstream "C:/Users/phil/Documents/vivado/zybo_base_system/source/vivado/hw/zybo_bsd/zybo_bsd.sdk/system_wrapper_hw_platform_0/system_wrapper.bit"
02:12:53 INFO  : ps7_init is completed.
02:12:53 INFO  : ps7_post_config is completed.
02:14:47 INFO  : System reset is completed.
02:14:49 INFO  : FPGA configured successfully with bitstream "C:/Users/phil/Documents/vivado/zybo_base_system/source/vivado/hw/zybo_bsd/zybo_bsd.sdk/system_wrapper_hw_platform_0/system_wrapper.bit"
02:14:50 INFO  : ps7_init is completed.
02:14:50 INFO  : ps7_post_config is completed.
02:15:09 INFO  : ps7_cortexa9_0 Processor is in use. Please stop existing Run or Debug sessions before launching.
02:15:10 INFO  : System reset is completed.
02:15:13 INFO  : FPGA configured successfully with bitstream "C:/Users/phil/Documents/vivado/zybo_base_system/source/vivado/hw/zybo_bsd/zybo_bsd.sdk/system_wrapper_hw_platform_0/system_wrapper.bit"
02:15:14 INFO  : ps7_init is completed.
02:15:14 INFO  : ps7_post_config is completed.
02:15:49 INFO  : ps7_cortexa9_0 Processor is in use. Please stop existing Run or Debug sessions before launching.
02:15:51 INFO  : System reset is completed.
02:15:53 INFO  : FPGA configured successfully with bitstream "C:/Users/phil/Documents/vivado/zybo_base_system/source/vivado/hw/zybo_bsd/zybo_bsd.sdk/system_wrapper_hw_platform_0/system_wrapper.bit"
02:15:54 INFO  : ps7_init is completed.
02:15:54 INFO  : ps7_post_config is completed.
02:15:55 ERROR : Port COM4 is already in use.
02:16:23 INFO  : System reset is completed.
02:16:26 INFO  : FPGA configured successfully with bitstream "C:/Users/phil/Documents/vivado/zybo_base_system/source/vivado/hw/zybo_bsd/zybo_bsd.sdk/system_wrapper_hw_platform_0/system_wrapper.bit"
02:16:26 INFO  : ps7_init is completed.
02:16:27 INFO  : ps7_post_config is completed.
02:21:15 INFO  : ps7_cortexa9_0 Processor is in use. Please stop existing Run or Debug sessions before launching.
02:21:18 INFO  : System reset is completed.
02:21:20 INFO  : FPGA configured successfully with bitstream "C:/Users/phil/Documents/vivado/zybo_base_system/source/vivado/hw/zybo_bsd/zybo_bsd.sdk/system_wrapper_hw_platform_0/system_wrapper.bit"
02:21:21 INFO  : ps7_init is completed.
02:21:21 INFO  : ps7_post_config is completed.
02:32:52 ERROR : Unable to disconnect from existing targets
java.lang.NullPointerException
02:32:52 ERROR : Unexpected error while parsing XMD response ?: com.google.gson.JsonSyntaxException: com.google.gson.stream.MalformedJsonException: invalid number or unquoted string near 
22:14:03 INFO  : System reset is completed.
22:14:06 INFO  : FPGA configured successfully with bitstream "C:/Users/phil/Documents/vivado/zybo_base_system/source/vivado/hw/zybo_bsd/zybo_bsd.sdk/system_wrapper_hw_platform_0/system_wrapper.bit"
22:14:07 INFO  : ps7_init is completed.
22:14:07 INFO  : ps7_post_config is completed.
22:20:57 INFO  : System reset is completed.
22:21:00 INFO  : FPGA configured successfully with bitstream "C:/Users/phil/Documents/vivado/zybo_base_system/source/vivado/hw/zybo_bsd/zybo_bsd.sdk/system_wrapper_hw_platform_0/system_wrapper.bit"
22:21:00 INFO  : ps7_init is completed.
22:21:01 INFO  : ps7_post_config is completed.
22:23:16 INFO  : System reset is completed.
22:23:18 INFO  : FPGA configured successfully with bitstream "C:/Users/phil/Documents/vivado/zybo_base_system/source/vivado/hw/zybo_bsd/zybo_bsd.sdk/system_wrapper_hw_platform_0/system_wrapper.bit"
22:23:19 INFO  : ps7_init is completed.
22:23:19 INFO  : ps7_post_config is completed.
22:24:35 INFO  : System reset is completed.
22:24:38 INFO  : FPGA configured successfully with bitstream "C:/Users/phil/Documents/vivado/zybo_base_system/source/vivado/hw/zybo_bsd/zybo_bsd.sdk/system_wrapper_hw_platform_0/system_wrapper.bit"
22:24:38 INFO  : ps7_init is completed.
22:24:38 INFO  : ps7_post_config is completed.
22:25:14 INFO  : System reset is completed.
22:25:17 INFO  : FPGA configured successfully with bitstream "C:/Users/phil/Documents/vivado/zybo_base_system/source/vivado/hw/zybo_bsd/zybo_bsd.sdk/system_wrapper_hw_platform_0/system_wrapper.bit"
22:25:17 INFO  : ps7_init is completed.
22:25:17 INFO  : ps7_post_config is completed.
22:26:37 INFO  : System reset is completed.
22:26:39 INFO  : FPGA configured successfully with bitstream "C:/Users/phil/Documents/vivado/zybo_base_system/source/vivado/hw/zybo_bsd/zybo_bsd.sdk/system_wrapper_hw_platform_0/system_wrapper.bit"
22:26:40 INFO  : ps7_init is completed.
22:26:40 INFO  : ps7_post_config is completed.
22:29:50 INFO  : ps7_cortexa9_0 Processor is in use. Please stop existing Run or Debug sessions before launching.
22:29:54 INFO  : System reset is completed.
22:29:57 INFO  : FPGA configured successfully with bitstream "C:/Users/phil/Documents/vivado/zybo_base_system/source/vivado/hw/zybo_bsd/zybo_bsd.sdk/system_wrapper_hw_platform_0/system_wrapper.bit"
22:29:58 INFO  : ps7_init is completed.
22:29:58 INFO  : ps7_post_config is completed.
22:39:44 INFO  : System reset is completed.
22:39:47 INFO  : FPGA configured successfully with bitstream "C:/Users/phil/Documents/vivado/zybo_base_system/source/vivado/hw/zybo_bsd/zybo_bsd.sdk/system_wrapper_hw_platform_0/system_wrapper.bit"
22:39:48 INFO  : ps7_init is completed.
22:39:48 INFO  : ps7_post_config is completed.
22:40:03 INFO  : System reset is completed.
22:40:06 INFO  : FPGA configured successfully with bitstream "C:/Users/phil/Documents/vivado/zybo_base_system/source/vivado/hw/zybo_bsd/zybo_bsd.sdk/system_wrapper_hw_platform_0/system_wrapper.bit"
22:40:07 INFO  : ps7_init is completed.
22:40:07 INFO  : ps7_post_config is completed.
22:42:39 INFO  : System reset is completed.
22:42:42 INFO  : FPGA configured successfully with bitstream "C:/Users/phil/Documents/vivado/zybo_base_system/source/vivado/hw/zybo_bsd/zybo_bsd.sdk/system_wrapper_hw_platform_0/system_wrapper.bit"
22:42:42 INFO  : ps7_init is completed.
22:42:42 INFO  : ps7_post_config is completed.
22:48:42 INFO  : ps7_cortexa9_0 Processor is in use. Please stop existing Run or Debug sessions before launching.
22:48:44 INFO  : Processor reset is completed for ps7_cortexa9_0
22:49:04 INFO  : ps7_cortexa9_0 Processor is in use. Please stop existing Run or Debug sessions before launching.
22:49:06 INFO  : Processor reset is completed for ps7_cortexa9_0
22:53:38 INFO  : ps7_cortexa9_0 Processor is in use. Please stop existing Run or Debug sessions before launching.
22:53:39 INFO  : Processor reset is completed for ps7_cortexa9_0
22:57:19 INFO  : ps7_cortexa9_0 Processor is in use. Please stop existing Run or Debug sessions before launching.
22:57:21 INFO  : Processor reset is completed for ps7_cortexa9_0
22:57:31 INFO  : ps7_cortexa9_0 Processor is in use. Please stop existing Run or Debug sessions before launching.
22:57:33 INFO  : Processor reset is completed for ps7_cortexa9_0
22:59:23 INFO  : ps7_cortexa9_0 Processor is in use. Please stop existing Run or Debug sessions before launching.
22:59:25 INFO  : Processor reset is completed for ps7_cortexa9_0
23:03:01 INFO  : ps7_cortexa9_0 Processor is in use. Please stop existing Run or Debug sessions before launching.
23:03:03 INFO  : Processor reset is completed for ps7_cortexa9_0
23:10:44 INFO  : ps7_cortexa9_0 Processor is in use. Please stop existing Run or Debug sessions before launching.
23:10:46 INFO  : Processor reset is completed for ps7_cortexa9_0
23:11:58 INFO  : ps7_cortexa9_0 Processor is in use. Please stop existing Run or Debug sessions before launching.
23:12:00 INFO  : Processor reset is completed for ps7_cortexa9_0
23:14:14 INFO  : ps7_cortexa9_0 Processor is in use. Please stop existing Run or Debug sessions before launching.
23:14:16 INFO  : Processor reset is completed for ps7_cortexa9_0
01:10:48 ERROR : Unable to disconnect from existing targets
java.lang.NullPointerException
01:10:49 ERROR : Unexpected error while parsing XMD response ?: com.google.gson.JsonSyntaxException: com.google.gson.stream.MalformedJsonException: invalid number or unquoted string near 
