#-----------------------------------------------------------
# Vivado v2014.2 (64-bit)
# SW Build 932637 on Wed Jun 11 13:33:10 MDT 2014
# IP Build 924643 on Fri May 30 09:20:16 MDT 2014
# Start of session at: Fri Sep 26 02:32:56 2014
# Process ID: 2492
# Log file: C:/Users/phil/Documents/vivado/zybo_base_system/source/vivado/hw/zybo_bsd/zybo_bsd.sdk/webtalk/vivado.log
# Journal file: C:/Users/phil/Documents/vivado/zybo_base_system/source/vivado/hw/zybo_bsd/zybo_bsd.sdk/webtalk\vivado.jou
#-----------------------------------------------------------
source sdk.tcl
# webtalk_init -webtalk_dir C:\\Users\\phil\\Documents\\vivado\\zybo_base_system\\source\\vivado\\hw\\zybo_bsd\\zybo_bsd.sdk\\webtalk
# webtalk_register_client -client project
# webtalk_add_data -client project -key date_generated -value "Fr Sep 26 02:32:52 2014" -context "software_version_and_target_device"
# webtalk_add_data -client project -key product_version -value "SDK v2014.2" -context "software_version_and_target_device"
# webtalk_add_data -client project -key build_version -value "2014.2" -context "software_version_and_target_device"
# webtalk_add_data -client project -key os_platform -value "amd64" -context "software_version_and_target_device"
# webtalk_add_data -client project -key registration_id -value "210747612_0_0_303" -context "software_version_and_target_device"
# webtalk_add_data -client project -key tool_flow -value "SDK" -context "software_version_and_target_device"
# webtalk_add_data -client project -key beta -value "false" -context "software_version_and_target_device"
# webtalk_add_data -client project -key route_design -value "NA" -context "software_version_and_target_device"
# webtalk_add_data -client project -key target_family -value "NA" -context "software_version_and_target_device"
# webtalk_add_data -client project -key target_device -value "NA" -context "software_version_and_target_device"
# webtalk_add_data -client project -key target_package -value "NA" -context "software_version_and_target_device"
# webtalk_add_data -client project -key target_speed -value "NA" -context "software_version_and_target_device"
# webtalk_add_data -client project -key random_id -value "f4jkdacb0ds1b7nekotot3mkgo" -context "software_version_and_target_device"
# webtalk_add_data -client project -key project_id -value "2014.2_1" -context "software_version_and_target_device"
# webtalk_add_data -client project -key project_iteration -value "1" -context "software_version_and_target_device"
# webtalk_add_data -client project -key os_name -value "Microsoft Windows 7 , 64-bit" -context "user_environment"
# webtalk_add_data -client project -key os_release -value "Service Pack 1  (build 7601)" -context "user_environment"
# webtalk_add_data -client project -key cpu_name -value "AMD FX(tm)-8320 Eight-Core Processor           " -context "user_environment"
# webtalk_add_data -client project -key cpu_speed -value "3516 MHz" -context "user_environment"
# webtalk_add_data -client project -key total_processors -value "1" -context "user_environment"
# webtalk_add_data -client project -key system_ram -value "8.000 GB" -context "user_environment"
# webtalk_register_client -client sdk
# webtalk_add_data -client sdk -key uid -value "1411765229506" -context "sdk\\\\bsp/1411765229506"
# webtalk_add_data -client sdk -key hwid -value "1411765113016" -context "sdk\\\\bsp/1411765229506"
# webtalk_add_data -client sdk -key os -value "standalone" -context "sdk\\\\bsp/1411765229506"
# webtalk_add_data -client sdk -key apptemplate -value "hello_world" -context "sdk\\\\bsp/1411765229506"
# webtalk_add_data -client sdk -key uid -value "1411765238746" -context "sdk\\\\application/1411765238746"
# webtalk_add_data -client sdk -key hwid -value "1411765113016" -context "sdk\\\\application/1411765238746"
# webtalk_add_data -client sdk -key bspid -value "1411765229506" -context "sdk\\\\application/1411765238746"
# webtalk_add_data -client sdk -key newbsp -value "true" -context "sdk\\\\application/1411765238746"
# webtalk_add_data -client sdk -key os -value "standalone" -context "sdk\\\\application/1411765238746"
# webtalk_add_data -client sdk -key apptemplate -value "hello_world" -context "sdk\\\\application/1411765238746"
# webtalk_add_data -client sdk -key uid -value "1411765346216" -context "sdk\\\\application/1411765346216"
# webtalk_add_data -client sdk -key hwid -value "1411765113016" -context "sdk\\\\application/1411765346216"
# webtalk_add_data -client sdk -key bspid -value "1411765229506" -context "sdk\\\\application/1411765346216"
# webtalk_add_data -client sdk -key newbsp -value "false" -context "sdk\\\\application/1411765346216"
# webtalk_add_data -client sdk -key os -value "standalone" -context "sdk\\\\application/1411765346216"
# webtalk_add_data -client sdk -key apptemplate -value "memory_tests" -context "sdk\\\\application/1411765346216"
# webtalk_add_data -client sdk -key uid -value "1411765444357" -context "sdk\\\\bsp/1411765444357"
# webtalk_add_data -client sdk -key hwid -value "1411765113016" -context "sdk\\\\bsp/1411765444357"
# webtalk_add_data -client sdk -key os -value "standalone" -context "sdk\\\\bsp/1411765444357"
# webtalk_add_data -client sdk -key apptemplate -value "peripheral_tests" -context "sdk\\\\bsp/1411765444357"
# webtalk_add_data -client sdk -key uid -value "1411765451207" -context "sdk\\\\application/1411765451207"
# webtalk_add_data -client sdk -key hwid -value "1411765113016" -context "sdk\\\\application/1411765451207"
# webtalk_add_data -client sdk -key bspid -value "1411765444357" -context "sdk\\\\application/1411765451207"
# webtalk_add_data -client sdk -key newbsp -value "true" -context "sdk\\\\application/1411765451207"
# webtalk_add_data -client sdk -key os -value "standalone" -context "sdk\\\\application/1411765451207"
# webtalk_add_data -client sdk -key apptemplate -value "peripheral_tests" -context "sdk\\\\application/1411765451207"
# webtalk_add_data -client sdk -key uid -value "1411686326621" -context "sdk\\\\bsp/1411686326621"
# webtalk_add_data -client sdk -key hwid -value "1411765113016" -context "sdk\\\\bsp/1411686326621"
# webtalk_add_data -client sdk -key os -value "standalone" -context "sdk\\\\bsp/1411686326621"
# webtalk_add_data -client sdk -key apptemplate -value "zynq_fsbl" -context "sdk\\\\bsp/1411686326621"
# webtalk_add_data -client sdk -key uid -value "1411686329561" -context "sdk\\\\application/1411686329561"
# webtalk_add_data -client sdk -key hwid -value "1411765113016" -context "sdk\\\\application/1411686329561"
# webtalk_add_data -client sdk -key bspid -value "1411686326621" -context "sdk\\\\application/1411686329561"
# webtalk_add_data -client sdk -key newbsp -value "true" -context "sdk\\\\application/1411686329561"
# webtalk_add_data -client sdk -key os -value "standalone" -context "sdk\\\\application/1411686329561"
# webtalk_add_data -client sdk -key apptemplate -value "zynq_fsbl" -context "sdk\\\\application/1411686329561"
# webtalk_add_data -client sdk -key uid -value "1411686428351" -context "sdk\\\\application/1411686428351"
# webtalk_add_data -client sdk -key hwid -value "1411765113016" -context "sdk\\\\application/1411686428351"
# webtalk_add_data -client sdk -key bspid -value "1411765229506" -context "sdk\\\\application/1411686428351"
# webtalk_add_data -client sdk -key newbsp -value "false" -context "sdk\\\\application/1411686428351"
# webtalk_add_data -client sdk -key os -value "standalone" -context "sdk\\\\application/1411686428351"
# webtalk_add_data -client sdk -key apptemplate -value "zynq_dram_test" -context "sdk\\\\application/1411686428351"
# webtalk_add_data -client sdk -key uid -value "1411687058432" -context "sdk\\\\application/1411687058432"
# webtalk_add_data -client sdk -key hwid -value "1411765113016" -context "sdk\\\\application/1411687058432"
# webtalk_add_data -client sdk -key bspid -value "1411765229506" -context "sdk\\\\application/1411687058432"
# webtalk_add_data -client sdk -key newbsp -value "false" -context "sdk\\\\application/1411687058432"
# webtalk_add_data -client sdk -key os -value "standalone" -context "sdk\\\\application/1411687058432"
# webtalk_add_data -client sdk -key apptemplate -value "dhrystone" -context "sdk\\\\application/1411687058432"
# webtalk_add_data -client sdk -key uid -value "1411687990416" -context "sdk\\\\application/1411687990416"
# webtalk_add_data -client sdk -key hwid -value "1411765113016" -context "sdk\\\\application/1411687990416"
# webtalk_add_data -client sdk -key bspid -value "1411765229506" -context "sdk\\\\application/1411687990416"
# webtalk_add_data -client sdk -key newbsp -value "false" -context "sdk\\\\application/1411687990416"
# webtalk_add_data -client sdk -key os -value "standalone" -context "sdk\\\\application/1411687990416"
# webtalk_add_data -client sdk -key apptemplate -value "empty_application" -context "sdk\\\\application/1411687990416"
# webtalk_add_data -client sdk -key uid -value "1411691147181" -context "sdk\\\\application/1411691147181"
# webtalk_add_data -client sdk -key hwid -value "1411765113016" -context "sdk\\\\application/1411691147181"
# webtalk_add_data -client sdk -key bspid -value "1411765229506" -context "sdk\\\\application/1411691147181"
# webtalk_add_data -client sdk -key newbsp -value "false" -context "sdk\\\\application/1411691147181"
# webtalk_add_data -client sdk -key os -value "standalone" -context "sdk\\\\application/1411691147181"
# webtalk_add_data -client sdk -key apptemplate -value "empty_application" -context "sdk\\\\application/1411691147181"
# webtalk_transmit -clientid 3372025386 -regid "210747612_0_0_303" -xml C:\\Users\\phil\\Documents\\vivado\\zybo_base_system\\source\\vivado\\hw\\zybo_bsd\\zybo_bsd.sdk\\webtalk\\usage_statistics_ext_sdk.xml -html C:\\Users\\phil\\Documents\\vivado\\zybo_base_system\\source\\vivado\\hw\\zybo_bsd\\zybo_bsd.sdk\\webtalk\\usage_statistics_ext_sdk.html -wdm C:\\Users\\phil\\Documents\\vivado\\zybo_base_system\\source\\vivado\\hw\\zybo_bsd\\zybo_bsd.sdk\\webtalk\\sdk.wdm -intro "<H3>SDK Usage Report</H3><BR>"

    while executing
"webtalk_transmit -clientid 3372025386 -regid "210747612_0_0_303" -xml C:\\Users\\phil\\Documents\\vivado\\zybo_base_system\\source\\vivado\\hw\\zybo_b..."
    (file "sdk.tcl" line 85)
INFO: [Common 17-206] Exiting Vivado at Fri Sep 26 02:33:03 2014...
