#
# A fatal error has been detected by the Java Runtime Environment:
#
#  EXCEPTION_ACCESS_VIOLATION (0xc0000005) at pc=0x000007fef3966890, pid=3144, tid=3640
#
# JRE version: Java(TM) SE Runtime Environment (7.0_40-b43) (build 1.7.0_40-b43)
# Java VM: Java HotSpot(TM) 64-Bit Server VM (24.0-b56 mixed mode windows-amd64 compressed oops)
# Problematic frame:
# C  [ieframe.dll+0x146890]
#
# Failed to write core dump. Minidumps are not enabled by default on client versions of Windows
#
# If you would like to submit a bug report, please visit:
#   http://bugreport.sun.com/bugreport/crash.jsp
# The crash happened outside the Java Virtual Machine in native code.
# See problematic frame for where to report the bug.
#

---------------  T H R E A D  ---------------

Current thread (0x0000000002698000):  JavaThread "main" [_thread_in_native, id=3640, stack(0x0000000000030000,0x0000000000130000)]

siginfo: ExceptionCode=0xc0000005, reading address 0x0000000000000000

Registers:
RAX=0x0000000000000000, RBX=0x000000008000ffff, RCX=0x0000000000000001, RDX=0x0000000000000008
RSP=0x000000000012e480, RBP=0x00000000026981e8, RSI=0x0000000000000000, RDI=0x00000000004cada8
R8 =0x000007fef39ac518, R9 =0x0000000000000000, R10=0x0000000000000000, R11=0x000000000012e578
R12=0x0000000000000000, R13=0x0000000000000113, R14=0x000000000012e4e8, R15=0x0000000000020ada
RIP=0x000007fef3966890, EFLAGS=0x0000000000010246

Top of Stack: (sp=0x000000000012e480)
0x000000000012e480:   0000000000000113 000000000012e5c8
0x000000000012e490:   0000000000000000 000000007780797c
0x000000000012e4a0:   0000000000000000 000007fef39668e9
0x000000000012e4b0:   0000000000000001 00000000004ca1e0
0x000000000012e4c0:   00000000004d78b0 00000000004cada8
0x000000000012e4d0:   00000000004cad98 000007fec8bd99a2
0x000000000012e4e0:   000000000000000b 0000000000000000
0x000000000012e4f0:   0000dcde9c822928 00000000778148ca
0x000000000012e500:   00000000004cad98 000007fec8a08af7
0x000000000012e510:   00000000004cad98 00000000000003e8
0x000000000012e520:   0000000000000001 00000000026981e8
0x000000000012e530:   00000000004cad98 000007fec8bd9928
0x000000000012e540:   00000000004cad98 00000000000003e8
0x000000000012e550:   0000000000000001 0000000000000001
0x000000000012e560:   fffffffffffffffe 00000000004cada8
0x000000000012e570:   0000000000000000 000007fee3f64b5b 

Instructions: (pc=0x000007fef3966890)
0x000007fef3966870:   20 4c 8b f1 e8 17 84 ec ff 33 db 48 8b f0 48 85
0x000007fef3966880:   c0 0f 84 4a 18 1a 00 48 39 18 0f 84 0e 35 fd ff
0x000007fef3966890:   48 8b 0e 48 8b 7c 24 48 48 8b 74 24 40 8b c3 48
0x000007fef39668a0:   8b 5c 24 38 49 89 0e 48 83 c4 20 41 5e c3 90 90 


Register to memory mapping:

RAX=0x0000000000000000 is an unknown value
RBX=0x000000008000ffff is an unknown value
RCX=0x0000000000000001 is an unknown value
RDX=0x0000000000000008 is an unknown value
RSP=0x000000000012e480 is pointing into the stack for thread: 0x0000000002698000
RBP=0x00000000026981e8 is an unknown value
RSI=0x0000000000000000 is an unknown value
RDI=0x00000000004cada8 is an unknown value
R8 =0x000007fef39ac518 is an unknown value
R9 =0x0000000000000000 is an unknown value
R10=0x0000000000000000 is an unknown value
R11=0x000000000012e578 is pointing into the stack for thread: 0x0000000002698000
R12=0x0000000000000000 is an unknown value
R13=0x0000000000000113 is an unknown value
R14=0x000000000012e4e8 is pointing into the stack for thread: 0x0000000002698000
R15=0x0000000000020ada is an unknown value


Stack: [0x0000000000030000,0x0000000000130000],  sp=0x000000000012e480,  free space=1017k
Native frames: (J=compiled Java code, j=interpreted, Vv=VM code, C=native code)
C  [ieframe.dll+0x146890]

Java frames: (J=compiled Java code, j=interpreted, Vv=VM code)
j  org.eclipse.swt.internal.win32.OS.DispatchMessageW(Lorg/eclipse/swt/internal/win32/MSG;)J+0
j  org.eclipse.swt.internal.win32.OS.DispatchMessage(Lorg/eclipse/swt/internal/win32/MSG;)J+7
j  org.eclipse.swt.widgets.Display.readAndDispatch()Z+64
j  org.eclipse.ui.internal.Workbench.runEventLoop(Lorg/eclipse/jface/window/Window$IExceptionHandler;Lorg/eclipse/swt/widgets/Display;)V+9
j  org.eclipse.ui.internal.Workbench.runUI()I+555
j  org.eclipse.ui.internal.Workbench.access$4(Lorg/eclipse/ui/internal/Workbench;)I+1
j  org.eclipse.ui.internal.Workbench$7.run()V+73
j  org.eclipse.core.databinding.observable.Realm.runWithDefault(Lorg/eclipse/core/databinding/observable/Realm;Ljava/lang/Runnable;)V+12
j  org.eclipse.ui.internal.Workbench.createAndRunWorkbench(Lorg/eclipse/swt/widgets/Display;Lorg/eclipse/ui/application/WorkbenchAdvisor;)I+18
j  org.eclipse.ui.PlatformUI.createAndRunWorkbench(Lorg/eclipse/swt/widgets/Display;Lorg/eclipse/ui/application/WorkbenchAdvisor;)I+2
j  org.eclipse.ui.internal.ide.application.IDEApplication.start(Lorg/eclipse/equinox/app/IApplicationContext;)Ljava/lang/Object;+108
j  org.eclipse.equinox.internal.app.EclipseAppHandle.run(Ljava/lang/Object;)Ljava/lang/Object;+135
j  org.eclipse.core.runtime.internal.adaptor.EclipseAppLauncher.runApplication(Ljava/lang/Object;)Ljava/lang/Object;+103
j  org.eclipse.core.runtime.internal.adaptor.EclipseAppLauncher.start(Ljava/lang/Object;)Ljava/lang/Object;+29
j  org.eclipse.core.runtime.adaptor.EclipseStarter.run(Ljava/lang/Object;)Ljava/lang/Object;+149
j  org.eclipse.core.runtime.adaptor.EclipseStarter.run([Ljava/lang/String;Ljava/lang/Runnable;)Ljava/lang/Object;+183
v  ~StubRoutines::call_stub
j  sun.reflect.NativeMethodAccessorImpl.invoke0(Ljava/lang/reflect/Method;Ljava/lang/Object;[Ljava/lang/Object;)Ljava/lang/Object;+0
j  sun.reflect.NativeMethodAccessorImpl.invoke(Ljava/lang/Object;[Ljava/lang/Object;)Ljava/lang/Object;+87
j  sun.reflect.DelegatingMethodAccessorImpl.invoke(Ljava/lang/Object;[Ljava/lang/Object;)Ljava/lang/Object;+6
j  java.lang.reflect.Method.invoke(Ljava/lang/Object;[Ljava/lang/Object;)Ljava/lang/Object;+57
j  org.eclipse.equinox.launcher.Main.invokeFramework([Ljava/lang/String;[Ljava/net/URL;)V+211
j  org.eclipse.equinox.launcher.Main.basicRun([Ljava/lang/String;)V+126
j  org.eclipse.equinox.launcher.Main.run([Ljava/lang/String;)I+4
v  ~StubRoutines::call_stub

---------------  P R O C E S S  ---------------

Java Threads: ( => current thread )
  0x000000000e0bb800 JavaThread "[ThreadPool Manager] - Idle Thread" daemon [_thread_blocked, id=6112, stack(0x00000000120c0000,0x00000000121c0000)]
  0x000000000e0ba800 JavaThread "Worker-9" [_thread_blocked, id=1512, stack(0x0000000011fc0000,0x00000000120c0000)]
  0x000000000e0ba000 JavaThread "Worker-8" [_thread_blocked, id=5212, stack(0x0000000015030000,0x0000000015130000)]
  0x000000000e0b9000 JavaThread "Worker-7" [_thread_blocked, id=3872, stack(0x0000000014f30000,0x0000000015030000)]
  0x000000000e0b8800 JavaThread "Worker-6" [_thread_blocked, id=4884, stack(0x0000000014e30000,0x0000000014f30000)]
  0x000000000e0b7800 JavaThread "Worker-5" [_thread_blocked, id=4676, stack(0x0000000014d30000,0x0000000014e30000)]
  0x000000000e0b7000 JavaThread "Worker-4" [_thread_blocked, id=532, stack(0x0000000014c30000,0x0000000014d30000)]
  0x000000000e0b6000 JavaThread "Worker-3" [_thread_blocked, id=5776, stack(0x0000000014b30000,0x0000000014c30000)]
  0x000000000e0b5800 JavaThread "Worker-2" [_thread_blocked, id=4208, stack(0x0000000014a30000,0x0000000014b30000)]
  0x000000000e0b4800 JavaThread "Bundle File Closer" daemon [_thread_blocked, id=4932, stack(0x000000000ee40000,0x000000000ef40000)]
  0x000000000e0b4000 JavaThread "TCF Locator DNS Lookup" daemon [_thread_blocked, id=5228, stack(0x000000000ed40000,0x000000000ee40000)]
  0x000000000e0b3000 JavaThread "TCF Locator Timer" daemon [_thread_blocked, id=6012, stack(0x000000000ec40000,0x000000000ed40000)]
  0x000000000e0b2800 JavaThread "TCF Locator Receiver" daemon [_thread_in_native, id=6076, stack(0x000000000eb40000,0x000000000ec40000)]
  0x000000000e0b1800 JavaThread "TCF Event Dispatcher" daemon [_thread_blocked, id=4728, stack(0x000000000d120000,0x000000000d220000)]
  0x000000000e0b1000 JavaThread "TCF Timer Dispatcher" daemon [_thread_blocked, id=5376, stack(0x000000000d020000,0x000000000d120000)]
  0x000000000b6a6000 JavaThread "Worker-1" [_thread_blocked, id=1940, stack(0x000000000ce30000,0x000000000cf30000)]
  0x00000000090fb800 JavaThread "Java indexing" daemon [_thread_blocked, id=2896, stack(0x000000000cd30000,0x000000000ce30000)]
  0x000000000b756000 JavaThread "Worker-0" [_thread_blocked, id=852, stack(0x000000000c660000,0x000000000c760000)]
  0x0000000008f90000 JavaThread "Worker-JM" [_thread_blocked, id=6024, stack(0x000000000c210000,0x000000000c310000)]
  0x00000000091c5000 JavaThread "[Timer] - Main Queue Handler" daemon [_thread_blocked, id=5496, stack(0x000000000c050000,0x000000000c150000)]
  0x0000000009036000 JavaThread "Framework Event Dispatcher" daemon [_thread_blocked, id=2500, stack(0x000000000be50000,0x000000000bf50000)]
  0x000000000b4d8800 JavaThread "Start Level Event Dispatcher" daemon [_thread_blocked, id=4512, stack(0x000000000bd50000,0x000000000be50000)]
  0x000000000b396800 JavaThread "State Data Manager" daemon [_thread_blocked, id=3924, stack(0x000000000bc50000,0x000000000bd50000)]
  0x000000000b380000 JavaThread "Framework Active Thread" [_thread_blocked, id=3400, stack(0x000000000bb50000,0x000000000bc50000)]
  0x0000000008f19000 JavaThread "Service Thread" daemon [_thread_blocked, id=3936, stack(0x000000000a520000,0x000000000a620000)]
  0x0000000007d6f000 JavaThread "C2 CompilerThread1" daemon [_thread_blocked, id=5692, stack(0x000000000a420000,0x000000000a520000)]
  0x0000000007d6a000 JavaThread "C2 CompilerThread0" daemon [_thread_blocked, id=1264, stack(0x000000000a320000,0x000000000a420000)]
  0x0000000007d67800 JavaThread "Attach Listener" daemon [_thread_blocked, id=2108, stack(0x000000000a220000,0x000000000a320000)]
  0x0000000007d66800 JavaThread "Signal Dispatcher" daemon [_thread_blocked, id=3136, stack(0x000000000a120000,0x000000000a220000)]
  0x000000000272d000 JavaThread "Finalizer" daemon [_thread_blocked, id=3548, stack(0x000000000a020000,0x000000000a120000)]
  0x000000000272a000 JavaThread "Reference Handler" daemon [_thread_blocked, id=3036, stack(0x0000000009f20000,0x000000000a020000)]
=>0x0000000002698000 JavaThread "main" [_thread_in_native, id=3640, stack(0x0000000000030000,0x0000000000130000)]

Other Threads:
  0x0000000007d4e000 VMThread [stack: 0x0000000009e20000,0x0000000009f20000] [id=3596]
  0x0000000008f2a800 WatcherThread [stack: 0x000000000a620000,0x000000000a720000] [id=4948]

VM state:not at safepoint (normal execution)

VM Mutex/Monitor currently owned by a thread: None

Heap
 PSYoungGen      total 44032K, used 38909K [0x00000000f5500000, 0x00000000f8f80000, 0x0000000100000000)
  eden space 32256K, 84% used [0x00000000f5500000,0x00000000f6f80678,0x00000000f7480000)
  from space 11776K, 99% used [0x00000000f7580000,0x00000000f80fef98,0x00000000f8100000)
  to   space 13824K, 0% used [0x00000000f8200000,0x00000000f8200000,0x00000000f8f80000)
 ParOldGen       total 44032K, used 29252K [0x00000000e0000000, 0x00000000e2b00000, 0x00000000f5500000)
  object space 44032K, 66% used [0x00000000e0000000,0x00000000e1c91218,0x00000000e2b00000)
 PSPermGen       total 53760K, used 53373K [0x00000000d0000000, 0x00000000d3480000, 0x00000000e0000000)
  object space 53760K, 99% used [0x00000000d0000000,0x00000000d341f678,0x00000000d3480000)

Card table byte_map: [0x0000000002830000,0x00000000029c0000] byte_map_base: 0x00000000021b0000

Polling page: 0x0000000000340000

Code Cache  [0x00000000029f0000, 0x0000000002c60000, 0x00000000059f0000)
 total_blobs=1127 nmethods=434 adapters=645 free_code_cache=47389Kb largest_free_block=48486272

Compilation events (10 events):
Event: 47.446 Thread 0x0000000007d6a000  472             org.eclipse.core.internal.registry.RegistryObject::noExtraData (16 bytes)
Event: 47.446 Thread 0x0000000007d6a000 nmethod 472 0x0000000002b60fd0 code [0x0000000002b61100, 0x0000000002b61178]
Event: 47.478 Thread 0x0000000007d6f000  473             org.eclipse.ui.internal.Workbench::getInstance (4 bytes)
Event: 47.478 Thread 0x0000000007d6f000 nmethod 473 0x0000000002b60d50 code [0x0000000002b60e80, 0x0000000002b60ed8]
Event: 47.493 Thread 0x0000000007d6a000  474             org.eclipse.core.runtime.Assert::isNotNull (29 bytes)
Event: 47.493 Thread 0x0000000007d6a000 nmethod 474 0x0000000002b5e7d0 code [0x0000000002b5e900, 0x0000000002b5e958]
Event: 47.513 Thread 0x0000000007d6f000  475             org.eclipse.core.runtime.Assert::isNotNull (7 bytes)
Event: 47.514 Thread 0x0000000007d6f000 nmethod 475 0x0000000002b5e4d0 code [0x0000000002b5e600, 0x0000000002b5e658]
Event: 47.737 Thread 0x0000000007d6a000  476             org.eclipse.ui.internal.expressions.CompositeExpression::collectExpressionInfo (46 bytes)
Event: 47.740 Thread 0x0000000007d6a000 nmethod 476 0x0000000002ba4b10 code [0x0000000002ba4c60, 0x0000000002ba4e78]

GC Heap History (10 events):
Event: 16.006 GC heap before
{Heap before GC invocations=5 (full 0):
 PSYoungGen      total 19456K, used 19450K [0x00000000f5500000, 0x00000000f6a80000, 0x0000000100000000)
  eden space 16896K, 100% used [0x00000000f5500000,0x00000000f6580000,0x00000000f6580000)
  from space 2560K, 99% used [0x00000000f6800000,0x00000000f6a7e848,0x00000000f6a80000)
  to   space 2560K, 0% used [0x00000000f6580000,0x00000000f6580000,0x00000000f6800000)
 ParOldGen       total 44032K, used 19550K [0x00000000e0000000, 0x00000000e2b00000, 0x00000000f5500000)
  object space 44032K, 44% used [0x00000000e0000000,0x00000000e1317b18,0x00000000e2b00000)
 PSPermGen       total 26624K, used 26524K [0x00000000d0000000, 0x00000000d1a00000, 0x00000000e0000000)
  object space 26624K, 99% used [0x00000000d0000000,0x00000000d19e70d0,0x00000000d1a00000)
Event: 16.014 GC heap after
Heap after GC invocations=5 (full 0):
 PSYoungGen      total 19456K, used 2528K [0x00000000f5500000, 0x00000000f7c80000, 0x0000000100000000)
  eden space 16896K, 0% used [0x00000000f5500000,0x00000000f5500000,0x00000000f6580000)
  from space 2560K, 98% used [0x00000000f6580000,0x00000000f67f8170,0x00000000f6800000)
  to   space 11776K, 0% used [0x00000000f7100000,0x00000000f7100000,0x00000000f7c80000)
 ParOldGen       total 44032K, used 24953K [0x00000000e0000000, 0x00000000e2b00000, 0x00000000f5500000)
  object space 44032K, 56% used [0x00000000e0000000,0x00000000e185e440,0x00000000e2b00000)
 PSPermGen       total 26624K, used 26524K [0x00000000d0000000, 0x00000000d1a00000, 0x00000000e0000000)
  object space 26624K, 99% used [0x00000000d0000000,0x00000000d19e70d0,0x00000000d1a00000)
}
Event: 16.898 GC heap before
{Heap before GC invocations=6 (full 0):
 PSYoungGen      total 19456K, used 19424K [0x00000000f5500000, 0x00000000f7c80000, 0x0000000100000000)
  eden space 16896K, 100% used [0x00000000f5500000,0x00000000f6580000,0x00000000f6580000)
  from space 2560K, 98% used [0x00000000f6580000,0x00000000f67f8170,0x00000000f6800000)
  to   space 11776K, 0% used [0x00000000f7100000,0x00000000f7100000,0x00000000f7c80000)
 ParOldGen       total 44032K, used 24953K [0x00000000e0000000, 0x00000000e2b00000, 0x00000000f5500000)
  object space 44032K, 56% used [0x00000000e0000000,0x00000000e185e440,0x00000000e2b00000)
 PSPermGen       total 30720K, used 30455K [0x00000000d0000000, 0x00000000d1e00000, 0x00000000e0000000)
  object space 30720K, 99% used [0x00000000d0000000,0x00000000d1dbdf00,0x00000000d1e00000)
Event: 16.908 GC heap after
Heap after GC invocations=6 (full 0):
 PSYoungGen      total 27648K, used 7735K [0x00000000f5500000, 0x00000000f7b80000, 0x0000000100000000)
  eden space 16896K, 0% used [0x00000000f5500000,0x00000000f5500000,0x00000000f6580000)
  from space 10752K, 71% used [0x00000000f7100000,0x00000000f788df30,0x00000000f7b80000)
  to   space 11264K, 0% used [0x00000000f6580000,0x00000000f6580000,0x00000000f7080000)
 ParOldGen       total 44032K, used 24953K [0x00000000e0000000, 0x00000000e2b00000, 0x00000000f5500000)
  object space 44032K, 56% used [0x00000000e0000000,0x00000000e185e440,0x00000000e2b00000)
 PSPermGen       total 30720K, used 30455K [0x00000000d0000000, 0x00000000d1e00000, 0x00000000e0000000)
  object space 30720K, 99% used [0x00000000d0000000,0x00000000d1dbdf00,0x00000000d1e00000)
}
Event: 17.382 GC heap before
{Heap before GC invocations=7 (full 0):
 PSYoungGen      total 27648K, used 24631K [0x00000000f5500000, 0x00000000f7b80000, 0x0000000100000000)
  eden space 16896K, 100% used [0x00000000f5500000,0x00000000f6580000,0x00000000f6580000)
  from space 10752K, 71% used [0x00000000f7100000,0x00000000f788df30,0x00000000f7b80000)
  to   space 11264K, 0% used [0x00000000f6580000,0x00000000f6580000,0x00000000f7080000)
 ParOldGen       total 44032K, used 24953K [0x00000000e0000000, 0x00000000e2b00000, 0x00000000f5500000)
  object space 44032K, 56% used [0x00000000e0000000,0x00000000e185e440,0x00000000e2b00000)
 PSPermGen       total 33280K, used 33258K [0x00000000d0000000, 0x00000000d2080000, 0x00000000e0000000)
  object space 33280K, 99% used [0x00000000d0000000,0x00000000d207aa50,0x00000000d2080000)
Event: 17.392 GC heap after
Heap after GC invocations=7 (full 0):
 PSYoungGen      total 28160K, used 6369K [0x00000000f5500000, 0x00000000f8c00000, 0x0000000100000000)
  eden space 16896K, 0% used [0x00000000f5500000,0x00000000f5500000,0x00000000f6580000)
  from space 11264K, 56% used [0x00000000f6580000,0x00000000f6bb8768,0x00000000f7080000)
  to   space 11264K, 0% used [0x00000000f8100000,0x00000000f8100000,0x00000000f8c00000)
 ParOldGen       total 44032K, used 26156K [0x00000000e0000000, 0x00000000e2b00000, 0x00000000f5500000)
  object space 44032K, 59% used [0x00000000e0000000,0x00000000e198b380,0x00000000e2b00000)
 PSPermGen       total 33280K, used 33258K [0x00000000d0000000, 0x00000000d2080000, 0x00000000e0000000)
  object space 33280K, 99% used [0x00000000d0000000,0x00000000d207aa50,0x00000000d2080000)
}
Event: 19.113 GC heap before
{Heap before GC invocations=8 (full 0):
 PSYoungGen      total 28160K, used 23265K [0x00000000f5500000, 0x00000000f8c00000, 0x0000000100000000)
  eden space 16896K, 100% used [0x00000000f5500000,0x00000000f6580000,0x00000000f6580000)
  from space 11264K, 56% used [0x00000000f6580000,0x00000000f6bb8768,0x00000000f7080000)
  to   space 11264K, 0% used [0x00000000f8100000,0x00000000f8100000,0x00000000f8c00000)
 ParOldGen       total 44032K, used 26156K [0x00000000e0000000, 0x00000000e2b00000, 0x00000000f5500000)
  object space 44032K, 59% used [0x00000000e0000000,0x00000000e198b380,0x00000000e2b00000)
 PSPermGen       total 38912K, used 38676K [0x00000000d0000000, 0x00000000d2600000, 0x00000000e0000000)
  object space 38912K, 99% used [0x00000000d0000000,0x00000000d25c53b0,0x00000000d2600000)
Event: 19.137 GC heap after
Heap after GC invocations=8 (full 0):
 PSYoungGen      total 44544K, used 9206K [0x00000000f5500000, 0x00000000f8d00000, 0x0000000100000000)
  eden space 33280K, 0% used [0x00000000f5500000,0x00000000f5500000,0x00000000f7580000)
  from space 11264K, 81% used [0x00000000f8100000,0x00000000f89fd930,0x00000000f8c00000)
  to   space 11776K, 0% used [0x00000000f7580000,0x00000000f7580000,0x00000000f8100000)
 ParOldGen       total 44032K, used 27039K [0x00000000e0000000, 0x00000000e2b00000, 0x00000000f5500000)
  object space 44032K, 61% used [0x00000000e0000000,0x00000000e1a67ed0,0x00000000e2b00000)
 PSPermGen       total 38912K, used 38676K [0x00000000d0000000, 0x00000000d2600000, 0x00000000e0000000)
  object space 38912K, 99% used [0x00000000d0000000,0x00000000d25c53b0,0x00000000d2600000)
}
Event: 25.437 GC heap before
{Heap before GC invocations=9 (full 0):
 PSYoungGen      total 44544K, used 42486K [0x00000000f5500000, 0x00000000f8d00000, 0x0000000100000000)
  eden space 33280K, 100% used [0x00000000f5500000,0x00000000f7580000,0x00000000f7580000)
  from space 11264K, 81% used [0x00000000f8100000,0x00000000f89fd930,0x00000000f8c00000)
  to   space 11776K, 0% used [0x00000000f7580000,0x00000000f7580000,0x00000000f8100000)
 ParOldGen       total 44032K, used 27039K [0x00000000e0000000, 0x00000000e2b00000, 0x00000000f5500000)
  object space 44032K, 61% used [0x00000000e0000000,0x00000000e1a67ed0,0x00000000e2b00000)
 PSPermGen       total 47104K, used 47020K [0x00000000d0000000, 0x00000000d2e00000, 0x00000000e0000000)
  object space 47104K, 99% used [0x00000000d0000000,0x00000000d2deb240,0x00000000d2e00000)
Event: 25.470 GC heap after
Heap after GC invocations=9 (full 0):
 PSYoungGen      total 44032K, used 11771K [0x00000000f5500000, 0x00000000f8f80000, 0x0000000100000000)
  eden space 32256K, 0% used [0x00000000f5500000,0x00000000f5500000,0x00000000f7480000)
  from space 11776K, 99% used [0x00000000f7580000,0x00000000f80fef98,0x00000000f8100000)
  to   space 13824K, 0% used [0x00000000f8200000,0x00000000f8200000,0x00000000f8f80000)
 ParOldGen       total 44032K, used 29252K [0x00000000e0000000, 0x00000000e2b00000, 0x00000000f5500000)
  object space 44032K, 66% used [0x00000000e0000000,0x00000000e1c91218,0x00000000e2b00000)
 PSPermGen       total 47104K, used 47020K [0x00000000d0000000, 0x00000000d2e00000, 0x00000000e0000000)
  object space 47104K, 99% used [0x00000000d0000000,0x00000000d2deb240,0x00000000d2e00000)
}

Deoptimization events (10 events):
Event: 24.364 Thread 0x0000000002698000 Uncommon trap: reason=predicate action=maybe_recompile pc=0x0000000002b82848 method=java.util.TreeMap.getEntryUsingComparator(Ljava/lang/Object;)Ljava/util/TreeMap$Entry; @ 22
Event: 24.364 Thread 0x0000000002698000 Uncommon trap: reason=unreached action=reinterpret pc=0x0000000002aaa448 method=java.util.TreeMap.containsKey(Ljava/lang/Object;)Z @ 5
Event: 27.055 Thread 0x0000000002698000 Uncommon trap: reason=array_check action=maybe_recompile pc=0x0000000002b55398 method=java.util.Arrays.fill([Ljava/lang/Object;Ljava/lang/Object;)V @ 13
Event: 27.055 Thread 0x0000000002698000 Uncommon trap: reason=array_check action=maybe_recompile pc=0x0000000002b55398 method=java.util.Arrays.fill([Ljava/lang/Object;Ljava/lang/Object;)V @ 13
Event: 27.056 Thread 0x0000000002698000 Uncommon trap: reason=unreached action=reinterpret pc=0x0000000002b7f330 method=java.util.TreeMap.getEntry(Ljava/lang/Object;)Ljava/util/TreeMap$Entry; @ 4
Event: 27.056 Thread 0x0000000002698000 Uncommon trap: reason=array_check action=maybe_recompile pc=0x0000000002b55398 method=java.util.Arrays.fill([Ljava/lang/Object;Ljava/lang/Object;)V @ 13
Event: 27.056 Thread 0x0000000002698000 Uncommon trap: reason=array_check action=maybe_recompile pc=0x0000000002b55398 method=java.util.Arrays.fill([Ljava/lang/Object;Ljava/lang/Object;)V @ 13
Event: 44.585 Thread 0x000000000e0b7000 Uncommon trap: reason=unreached action=reinterpret pc=0x0000000002a87024 method=java.lang.ref.SoftReference.get()Ljava/lang/Object; @ 6
Event: 46.125 Thread 0x0000000002698000 Uncommon trap: reason=class_check action=maybe_recompile pc=0x0000000002b5bdf4 method=java.util.regex.Pattern$Curly.match0(Ljava/util/regex/Matcher;IILjava/lang/CharSequence;)Z @ 170
Event: 46.126 Thread 0x0000000002698000 Uncommon trap: reason=class_check action=maybe_recompile pc=0x0000000002b5bdf4 method=java.util.regex.Pattern$Curly.match0(Ljava/util/regex/Matcher;IILjava/lang/CharSequence;)Z @ 170

Internal exceptions (10 events):
Event: 24.252 Thread 0x000000000b756000 Threw 0x00000000f637bf30 at C:\jdk7u2_64p\jdk7u40\hotspot\src\share\vm\prims\jni.cpp:717
Event: 24.466 Thread 0x0000000002698000 Threw 0x00000000f7226d30 at C:\jdk7u2_64p\jdk7u40\hotspot\src\share\vm\prims\jni.cpp:717
Event: 24.785 Thread 0x000000000b6a6000 Threw 0x00000000f745d598 at C:\jdk7u2_64p\jdk7u40\hotspot\src\share\vm\prims\jni.cpp:717
Event: 27.408 Thread 0x0000000002698000 Threw 0x00000000f5a9beb0 at C:\jdk7u2_64p\jdk7u40\hotspot\src\share\vm\prims\jni.cpp:717
Event: 46.153 Thread 0x000000000e0ba000 Threw 0x00000000f60a9780 at C:\jdk7u2_64p\jdk7u40\hotspot\src\share\vm\prims\jni.cpp:717
Event: 46.154 Thread 0x000000000e0ba000 Threw 0x00000000f60b0510 at C:\jdk7u2_64p\jdk7u40\hotspot\src\share\vm\prims\jni.cpp:717
Event: 46.512 Thread 0x000000000e0b7800 Threw 0x00000000f55e0e88 at C:\jdk7u2_64p\jdk7u40\hotspot\src\share\vm\prims\jni.cpp:717
Event: 46.520 Thread 0x000000000b6a6000 Threw 0x00000000f67f15d0 at C:\jdk7u2_64p\jdk7u40\hotspot\src\share\vm\prims\jni.cpp:717
Event: 46.522 Thread 0x000000000e0ba000 Threw 0x00000000f6828b18 at C:\jdk7u2_64p\jdk7u40\hotspot\src\share\vm\prims\jni.cpp:717
Event: 46.795 Thread 0x000000000e0ba000 Threw 0x00000000f69eec38 at C:\jdk7u2_64p\jdk7u40\hotspot\src\share\vm\prims\jni.cpp:717

Events (10 events):
Event: 47.750 Executing VM operation: RevokeBias
Event: 47.750 Executing VM operation: RevokeBias done
Event: 47.750 Executing VM operation: RevokeBias
Event: 47.750 Executing VM operation: RevokeBias done
Event: 47.753 loading class 0x000000000e708e20
Event: 47.788 loading class 0x000000000e708e20 done
Event: 47.788 Executing VM operation: RevokeBias
Event: 47.788 Executing VM operation: RevokeBias done
Event: 48.932 Executing VM operation: RevokeBias
Event: 48.932 Executing VM operation: RevokeBias done


Dynamic libraries:
0x0000000000400000 - 0x000000000044f000 	C:\Xilinx\SDK\2014.2\eclipse\win64.o\eclipse.exe
0x0000000077a20000 - 0x0000000077bc9000 	C:\Windows\SYSTEM32\ntdll.dll
0x0000000077900000 - 0x0000000077a1f000 	C:\Windows\system32\kernel32.dll
0x000007fefdb00000 - 0x000007fefdb6c000 	C:\Windows\system32\KERNELBASE.dll
0x0000000077800000 - 0x00000000778fa000 	C:\Windows\system32\USER32.dll
0x000007fefdea0000 - 0x000007fefdf07000 	C:\Windows\system32\GDI32.dll
0x000007feff960000 - 0x000007feff96e000 	C:\Windows\system32\LPK.dll
0x000007fefdf10000 - 0x000007fefdfd9000 	C:\Windows\system32\USP10.dll
0x000007feff8c0000 - 0x000007feff95f000 	C:\Windows\system32\msvcrt.dll
0x000007fefcf00000 - 0x000007fefd0f4000 	C:\Windows\WinSxS\amd64_microsoft.windows.common-controls_6595b64144ccf1df_6.0.7601.17514_none_fa396087175ac9ac\COMCTL32.dll
0x000007feff4f0000 - 0x000007feff561000 	C:\Windows\system32\SHLWAPI.dll
0x000007feff4c0000 - 0x000007feff4ee000 	C:\Windows\system32\IMM32.DLL
0x000007feff9e0000 - 0x000007feffae9000 	C:\Windows\system32\MSCTF.dll
0x00000000755a0000 - 0x00000000755d8000 	C:\PROGRA~2\Sophos\SOPHOS~1\SOPHOS~2.DLL
0x0000000077be0000 - 0x0000000077be7000 	C:\Windows\system32\PSAPI.DLL
0x0000000072000000 - 0x0000000072012000 	C:\Xilinx\SDK\2014.2\eclipse\win64.o\plugins\org.eclipse.equinox.launcher.win32.win32.x86_64_1.1.200.v20120913-144807\eclipse_1503.dll
0x000007feff610000 - 0x000007feff6eb000 	C:\Windows\system32\ADVAPI32.dll
0x000007feff8a0000 - 0x000007feff8bf000 	C:\Windows\SYSTEM32\sechost.dll
0x000007fefeff0000 - 0x000007feff11d000 	C:\Windows\system32\RPCRT4.dll
0x000007fefc230000 - 0x000007fefc23c000 	C:\Windows\system32\VERSION.dll
0x000007fefb8f0000 - 0x000007fefb946000 	C:\Windows\system32\uxtheme.dll
0x00000000583f0000 - 0x0000000058bb9000 	C:\Xilinx\SDK\2014.2\tps\win64\jre\bin\server\jvm.dll
0x000007fef2f50000 - 0x000007fef2f59000 	C:\Windows\system32\WSOCK32.dll
0x000007feff7d0000 - 0x000007feff81d000 	C:\Windows\system32\WS2_32.dll
0x000007feff9d0000 - 0x000007feff9d8000 	C:\Windows\system32\NSI.dll
0x000007fef8ba0000 - 0x000007fef8bdb000 	C:\Windows\system32\WINMM.dll
0x0000000071dc0000 - 0x0000000071e92000 	C:\Windows\system32\MSVCR100.dll
0x00000000643c0000 - 0x00000000643cf000 	C:\Xilinx\SDK\2014.2\tps\win64\jre\bin\verify.dll
0x000000005dbf0000 - 0x000000005dc18000 	C:\Xilinx\SDK\2014.2\tps\win64\jre\bin\java.dll
0x000000005df40000 - 0x000000005df55000 	C:\Xilinx\SDK\2014.2\tps\win64\jre\bin\zip.dll
0x000007fefcdb0000 - 0x000007fefcdc7000 	C:\Windows\system32\CRYPTSP.dll
0x000007fefca50000 - 0x000007fefca97000 	C:\Windows\system32\rsaenh.dll
0x000007fefd850000 - 0x000007fefd86e000 	C:\Windows\system32\USERENV.dll
0x000007fefd830000 - 0x000007fefd83f000 	C:\Windows\system32\profapi.dll
0x000007fefd670000 - 0x000007fefd67f000 	C:\Windows\system32\CRYPTBASE.dll
0x000000005db40000 - 0x000000005db59000 	C:\Xilinx\SDK\2014.2\tps\win64\jre\bin\net.dll
0x000007fefc200000 - 0x000007fefc22d000 	C:\ProgramData\Sophos\Web Intelligence\swi_ifslsp_64.dll
0x000007fefccf0000 - 0x000007fefcd45000 	C:\Windows\system32\mswsock.dll
0x000007fefcce0000 - 0x000007fefcce7000 	C:\Windows\System32\wship6.dll
0x000007fefac90000 - 0x000007fefaca5000 	C:\Windows\system32\NLAapi.dll
0x000007fef9ce0000 - 0x000007fef9cf5000 	C:\Windows\system32\napinsp.dll
0x000007fef9d00000 - 0x000007fef9d19000 	C:\Windows\system32\pnrpnsp.dll
0x000007fefcb70000 - 0x000007fefcbcb000 	C:\Windows\system32\DNSAPI.dll
0x000007fef9c90000 - 0x000007fef9c9b000 	C:\Windows\System32\winrnr.dll
0x000007fefc1e0000 - 0x000007fefc1e7000 	C:\Windows\System32\wshtcpip.dll
0x000007fefbc10000 - 0x000007fefbc37000 	C:\Windows\system32\IPHLPAPI.DLL
0x000007fefc1f0000 - 0x000007fefc1fb000 	C:\Windows\system32\WINNSI.DLL
0x000007fef9cd0000 - 0x000007fef9cd8000 	C:\Windows\system32\rasadhlp.dll
0x000007fefc630000 - 0x000007fefc683000 	C:\Windows\System32\fwpuclnt.dll
0x000000005db20000 - 0x000000005db31000 	C:\Xilinx\SDK\2014.2\tps\win64\jre\bin\nio.dll
0x000007feff2b0000 - 0x000007feff4b3000 	C:\Windows\system32\ole32.dll
0x0000000010000000 - 0x00000000100a8000 	C:\Users\phil\.eclipse\org.eclipse.osgi\bundles\260\1\.cp\swt-win32-3836.dll
0x000007feff6f0000 - 0x000007feff7c7000 	C:\Windows\system32\OLEAUT32.dll
0x000007fefdfe0000 - 0x000007fefe077000 	C:\Windows\system32\comdlg32.dll
0x000007fefe080000 - 0x000007fefee08000 	C:\Windows\system32\SHELL32.dll
0x000007fef9200000 - 0x000007fef9271000 	C:\Windows\system32\WINSPOOL.DRV
0x000007feffaf0000 - 0x000007feffd2b000 	C:\Windows\system32\WININET.dll
0x000007fefdbc0000 - 0x000007fefdbc4000 	C:\Windows\system32\api-ms-win-downlevel-user32-l1-1-0.dll
0x000007fefd870000 - 0x000007fefd874000 	C:\Windows\system32\api-ms-win-downlevel-shlwapi-l1-1-0.dll
0x000007fefdbe0000 - 0x000007fefdbe4000 	C:\Windows\system32\api-ms-win-downlevel-version-l1-1-0.dll
0x000007fefd9f0000 - 0x000007fefd9f3000 	C:\Windows\system32\api-ms-win-downlevel-normaliz-l1-1-0.dll
0x0000000077bf0000 - 0x0000000077bf3000 	C:\Windows\system32\normaliz.DLL
0x000007fefdbf0000 - 0x000007fefde9f000 	C:\Windows\system32\iertutil.dll
0x000007fefdbd0000 - 0x000007fefdbd5000 	C:\Windows\system32\api-ms-win-downlevel-advapi32-l1-1-0.dll
0x000007fefd880000 - 0x000007fefd9ec000 	C:\Windows\system32\CRYPT32.dll
0x000007fefd840000 - 0x000007fefd84f000 	C:\Windows\system32\MSASN1.dll
0x000007fefb3c0000 - 0x000007fefb3d8000 	C:\Windows\system32\dwmapi.dll
0x000007fefba90000 - 0x000007fefbbbc000 	C:\Windows\system32\propsys.dll
0x000007feff570000 - 0x000007feff609000 	C:\Windows\system32\CLBCatQ.DLL
0x0000000002770000 - 0x000000000278e000 	C:\Users\phil\.eclipse\org.eclipse.osgi\bundles\260\1\.cp\swt-gdip-win32-3836.dll
0x000007fefb6d0000 - 0x000007fefb8e6000 	C:\Windows\WinSxS\amd64_microsoft.windows.gdiplus_6595b64144ccf1df_1.1.7601.18455_none_2b283fd671e9bf4d\gdiplus.dll
0x000007fefb210000 - 0x000007fefb371000 	C:\Windows\system32\WindowsCodecs.dll
0x000007fef3720000 - 0x000007fef3774000 	C:\Windows\system32\oleacc.dll
0x000007fef83d0000 - 0x000007fef859a000 	C:\Windows\system32\explorerframe.dll
0x000007fefb450000 - 0x000007fefb493000 	C:\Windows\system32\DUser.dll
0x000007fefb5d0000 - 0x000007fefb6c2000 	C:\Windows\system32\DUI70.dll
0x000007fefd6e0000 - 0x000007fefd6f4000 	C:\Windows\system32\RpcRtRemote.dll
0x000007fef0a60000 - 0x000007fef0a9b000 	C:\Windows\system32\mlang.dll
0x000007fefd680000 - 0x000007fefd6d7000 	C:\Windows\system32\apphelp.dll
0x000007fefd220000 - 0x000007fefd231000 	C:\Windows\system32\dhcpcsvc6.DLL
0x000007fefc6c0000 - 0x000007fefc6d8000 	C:\Windows\system32\dhcpcsvc.DLL
0x000007fef3820000 - 0x000007fef451b000 	C:\Windows\System32\ieframe.dll
0x000007fefae30000 - 0x000007fefae34000 	C:\Windows\System32\api-ms-win-downlevel-shell32-l1-1-0.dll
0x000007fef9f80000 - 0x000007fef9f84000 	C:\Windows\system32\api-ms-win-downlevel-shlwapi-l2-1-0.dll
0x000007feff120000 - 0x000007feff28c000 	C:\Windows\system32\urlmon.dll
0x000007fefdbb0000 - 0x000007fefdbb4000 	C:\Windows\system32\api-ms-win-downlevel-ole32-l1-1-0.dll
0x000007fefd700000 - 0x000007fefd791000 	C:\Windows\system32\SXS.DLL
0x000007fee3ed0000 - 0x000007fee5559000 	C:\Windows\System32\mshtml.dll
0x000007fefa210000 - 0x000007fefa214000 	C:\Windows\system32\api-ms-win-downlevel-advapi32-l2-1-0.dll
0x000007fefd5d0000 - 0x000007fefd5db000 	C:\Windows\system32\Secur32.dll
0x000007fefd600000 - 0x000007fefd625000 	C:\Windows\system32\SSPICLI.DLL
0x000007fec89a0000 - 0x000007fec8f38000 	C:\Windows\System32\jscript9.dll
0x000007fef2f80000 - 0x000007fef2f87000 	C:\Windows\system32\msimg32.dll
0x000007fefae80000 - 0x000007fefae8e000 	C:\Windows\system32\msimtf.dll
0x000007fefb960000 - 0x000007fefb9ab000 	C:\Windows\system32\MMDevAPI.DLL
0x000007fef5f00000 - 0x000007fef5f3b000 	C:\Windows\system32\wdmaud.drv
0x000000006bea0000 - 0x000000006bea6000 	C:\Windows\system32\ksuser.dll
0x000007fefb950000 - 0x000007fefb959000 	C:\Windows\system32\AVRT.dll
0x000007fefee10000 - 0x000007fefefe7000 	C:\Windows\system32\SETUPAPI.dll
0x000007fefdb70000 - 0x000007fefdba6000 	C:\Windows\system32\CFGMGR32.dll
0x000007fefdae0000 - 0x000007fefdafa000 	C:\Windows\system32\DEVOBJ.dll
0x000007fef51e0000 - 0x000007fef522f000 	C:\Windows\system32\AUDIOSES.DLL
0x000007fefae50000 - 0x000007fefae5a000 	C:\Windows\system32\msacm32.drv
0x000007fef5940000 - 0x000007fef5958000 	C:\Windows\system32\MSACM32.dll
0x000007fefae40000 - 0x000007fefae49000 	C:\Windows\system32\midimap.dll
0x000007fefba60000 - 0x000007fefba8d000 	C:\Windows\system32\ntmarta.dll
0x000007feff970000 - 0x000007feff9c2000 	C:\Windows\system32\WLDAP32.dll
0x000007fec8320000 - 0x000007fec86e4000 	C:\Windows\system32\d2d1.dll
0x000007fee98d0000 - 0x000007fee9a66000 	C:\Windows\system32\DWrite.dll
0x000007fef88d0000 - 0x000007fef892d000 	C:\Windows\system32\dxgi.dll
0x000007fefda00000 - 0x000007fefda3a000 	C:\Windows\system32\WINTRUST.dll
0x000007fefb380000 - 0x000007fefb3b5000 	C:\Windows\system32\XmlLite.dll
0x000007fef86f0000 - 0x000007fef88c5000 	C:\Windows\system32\d3d11.dll
0x000007fec7f20000 - 0x000007fec8199000 	C:\Windows\system32\D3D10Warp.dll
0x000007fecb660000 - 0x000007fecb71a000 	C:\Windows\system32\uiautomationcore.dll
0x000007feea180000 - 0x000007feea191000 	C:\Users\phil\.eclipse\org.eclipse.osgi\bundles\110\1\.cp\jWinHttp-1.0.0.dll
0x000007fef9a90000 - 0x000007fef9b01000 	C:\Windows\system32\WINHTTP.dll
0x000007fef99e0000 - 0x000007fef9a44000 	C:\Windows\system32\webio.dll
0x000007fefc940000 - 0x000007fefc94a000 	C:\Windows\system32\credssp.dll
0x000007fef5ef0000 - 0x000007fef5f00000 	C:\Xilinx\SDK\2014.2\lib\win64.o\librdi_repo_manager.dll
0x000007fee2d80000 - 0x000007fee2daa000 	C:\Xilinx\SDK\2014.2\lib\win64.o\libisl_sysinfo.dll
0x000007fee59d0000 - 0x000007fee5aa4000 	C:\Windows\system32\MSVCR110.dll
0x000007fee5ab0000 - 0x000007fee5b57000 	C:\Windows\system32\MSVCP110.dll
0x000007fec71b0000 - 0x000007fec7953000 	C:\Xilinx\SDK\2014.2\lib\win64.o\librdi_common.dll
0x000007fec6f00000 - 0x000007fec71a8000 	C:\Xilinx\SDK\2014.2\lib\win64.o\libCOIN-all.dll
0x000007fec6ce0000 - 0x000007fec6efe000 	C:\Xilinx\SDK\2014.2\lib\win64.o\libXil_lmgr11.dll
0x000007fefb0d0000 - 0x000007fefb0e6000 	C:\Windows\system32\NETAPI32.dll
0x000007fefc8b0000 - 0x000007fefc8bc000 	C:\Windows\system32\netutils.dll

VM Arguments:
jvm_args: -Dcom.xilinx.sdk.args.hwspec=C:/Users/phil/git/zybo_base_linux/sw/system_wrapper.hdf -Xms64m -Xmx512m -XX:MaxPermSize=256m & 
java_command: <unknown>
Launcher Type: generic

Environment Variables:
PATH=C:/Xilinx/SDK/2014.2/tps/win64/jre/bin/server;C:/Xilinx/SDK/2014.2/tps/win64/jre/bin;C:/Xilinx/SDK/2014.2/tps/win64/jre/lib/amd64;\C:\Xilinx\SDK\2014.2\tps\win64\jre\bin;C:\Xilinx\SDK\2014.2\tps\win64\jre\bin;C:\Xilinx\SDK\2014.2\lib\win64.o;C:\Xilinx\SDK\2014.2\gnuwin\bin;C:\Xilinx\SDK\2014.2\bin;C:\Xilinx\SDK\2014.2\gnu\microblaze\nt\bin;C:\Xilinx\SDK\2014.2\gnu\microblaze\linux_toolchain\nt64_le\bin;C:\Xilinx\SDK\2014.2\gnu\microblaze\linux_toolchain\nt64_be\bin;C:\Xilinx\SDK\2014.2\gnu\arm\nt\bin;;C:/Xilinx/SDK/2014.2/bin;C:/Xilinx/SDK/2014.2/lib/win64.o;C:/Xilinx/SDK/2014.2/tps/win64/jre/bin/server;C:/Xilinx/SDK/2014.2/tps/win64/jre/bin;C:/Xilinx/SDK/2014.2/bin;C:/Xilinx/SDK/2014.2/bin;C:/Xilinx/Vivado/2014.2/ids_lite/ISE/bin/nt64;C:/Xilinx/Vivado/2014.2/ids_lite/ISE/lib/nt64;C:/Xilinx/Vivado/2014.2/bin;C:/Xilinx/Vivado/2014.2/lib/win64.o;C:/Xilinx/Vivado/2014.2/tps/win64/jre/bin/server;C:/Xilinx/Vivado/2014.2/tps/win64/jre/bin;C:/Xilinx/SDK/2014.2/bin;C:/Xilinx/Vivado/2014.2/ids_lite/ISE/bin/nt64;C:/Xilinx/Vivado/2014.2/ids_lite/ISE/lib/nt64;C:\Python27\Lib\site-packages\PyQt4;C:\Program Files (x86)\AMD APP\bin\x86_64;C:\Program Files (x86)\AMD APP\bin\x86;C:\Windows\system32;C:\Windows;C:\Windows\System32\Wbem;C:\Windows\System32\WindowsPowerShell\v1.0\;C:\Program Files (x86)\ATI Technologies\ATI.ACE\Core-Static;C:\Program Files (x86)\GNU\Claws Mail\pub;C:\Python27;C:\Python27\DLLs;C:\Python27\Scripts;C:\Python27\gnuplot\binary;C:\Program Files (x86)\pythonxy\SciTE-3.3.2-3;C:\Program Files (x86)\pythonxy\console;C:\MinGW32-xy\bin;C:\Program Files\Microsoft SQL Server\110\Tools\Binn\;C:\altera\13.1\modelsim_ase\win32aloem;C:\texlive\2013\bin\win32;C:\altera\14.0\modelsim_ase\win32aloem;C:\Users\phil\git\zybo_base_linux\hw\zybo_base_linux;
USERNAME=phil
OS=Windows_NT
PROCESSOR_IDENTIFIER=AMD64 Family 21 Model 2 Stepping 0, AuthenticAMD



---------------  S Y S T E M  ---------------

OS: Windows 7 , 64 bit Build 7601 Service Pack 1

CPU:total 8 (8 cores per cpu, 1 threads per core) family 21 model 2 stepping 0, cmov, cx8, fxsr, mmx, sse, sse2, sse3, ssse3, sse4.1, sse4.2, popcnt, avx, aes, mmxext, 3dnowpref, lzcnt, sse4a, tsc, tscinvbit, tscinv

Memory: 4k page, physical 8352424k(3193012k free), swap 16702984k(10746492k free)

vm_info: Java HotSpot(TM) 64-Bit Server VM (24.0-b56) for windows-amd64 JRE (1.7.0_40-b43), built on Aug 26 2013 22:38:32 by "java_re" with unknown MS VC++:1600

time: Tue Sep 30 19:28:26 2014
elapsed time: 49 seconds

