#-----------------------------------------------------------
# Vivado v2014.2 (64-bit)
# SW Build 932637 on Wed Jun 11 13:33:10 MDT 2014
# IP Build 924643 on Fri May 30 09:20:16 MDT 2014
# Start of session at: Tue Sep 30 18:58:26 2014
# Process ID: 1864
# Log file: C:/Users/phil/git/zybo_base_linux/hw/zybo_base_linux/vivado.log
# Journal file: C:/Users/phil/git/zybo_base_linux/hw/zybo_base_linux\vivado.jou
#-----------------------------------------------------------
start_gui
open_project {C:\Users\phil\git\zybo_base_linux\hw\zybo_base_linux\zybo_base_linux.xpr}
INFO: [Project 1-313] Project file moved from 'C:/Users/phil/Documents/vivado/zybo_base_system/source/vivado/hw/zybo_bsd' since last save.
WARNING: [Project 1-312] File not found as 'C:/Users/phil/git/zybo_base_linux/hw/zybo_base_linux/zybo_base_linux.srcs/sources_1/bd/system/system.bd'; using path 'C:/Users/phil/Documents/vivado/zybo_base_system/source/vivado/hw/zybo_bsd/zybo_bsd.srcs/sources_1/bd/system/system.bd' instead.
WARNING: [Project 1-312] File not found as 'C:/Users/phil/git/zybo_base_linux/hw/zybo_base_linux/zybo_base_linux.srcs/sources_1/bd/system/hdl/system_wrapper.v'; using path 'C:/Users/phil/Documents/vivado/zybo_base_system/source/vivado/hw/zybo_bsd/zybo_bsd.srcs/sources_1/bd/system/hdl/system_wrapper.v' instead.
WARNING: [Project 1-312] File not found as 'C:/Users/phil/git/zybo_base_linux/hw/zybo_base_linux/zybo_base_linux.data/sources_1/ports.xml'; using path 'C:/Users/phil/Documents/vivado/zybo_base_system/source/vivado/hw/zybo_bsd/zybo_bsd.data/sources_1/ports.xml' instead.
WARNING: [Project 1-312] File not found as 'C:/Users/phil/git/zybo_base_linux/hw/zybo_base_linux/zybo_base_linux.srcs/sources_1/bd/system/ip/system_vdd_1/system_vdd_1.upgrade_log'; using path 'C:/Users/phil/Documents/vivado/zybo_base_system/source/vivado/hw/zybo_bsd/zybo_bsd.srcs/sources_1/bd/system/ip/system_vdd_1/system_vdd_1.upgrade_log' instead.
WARNING: [Project 1-312] File not found as 'C:/Users/phil/git/zybo_base_linux/hw/zybo_base_linux/zybo_base_linux.srcs/sources_1/bd/system/ip/system_processing_system7_0_axi_periph_2/system_processing_system7_0_axi_periph_2.upgrade_log'; using path 'C:/Users/phil/Documents/vivado/zybo_base_system/source/vivado/hw/zybo_bsd/zybo_bsd.srcs/sources_1/bd/system/ip/system_processing_system7_0_axi_periph_2/system_processing_system7_0_axi_periph_2.upgrade_log' instead.
WARNING: [Project 1-312] File not found as 'C:/Users/phil/git/zybo_base_linux/hw/zybo_base_linux/zybo_base_linux.srcs/sources_1/bd/system/ip/system_SWs_4Bits_2/system_SWs_4Bits_2.upgrade_log'; using path 'C:/Users/phil/Documents/vivado/zybo_base_system/source/vivado/hw/zybo_bsd/zybo_bsd.srcs/sources_1/bd/system/ip/system_SWs_4Bits_2/system_SWs_4Bits_2.upgrade_log' instead.
WARNING: [Project 1-312] File not found as 'C:/Users/phil/git/zybo_base_linux/hw/zybo_base_linux/zybo_base_linux.srcs/sources_1/bd/system/ip/system_BTNs_4Bits_0/system_BTNs_4Bits_0.upgrade_log'; using path 'C:/Users/phil/Documents/vivado/zybo_base_system/source/vivado/hw/zybo_bsd/zybo_bsd.srcs/sources_1/bd/system/ip/system_BTNs_4Bits_0/system_BTNs_4Bits_0.upgrade_log' instead.
WARNING: [Project 1-312] File not found as 'C:/Users/phil/git/zybo_base_linux/hw/zybo_base_linux/zybo_base_linux.srcs/sources_1/bd/system/ip/system_LEDs_4Bits_1/system_LEDs_4Bits_1.upgrade_log'; using path 'C:/Users/phil/Documents/vivado/zybo_base_system/source/vivado/hw/zybo_bsd/zybo_bsd.srcs/sources_1/bd/system/ip/system_LEDs_4Bits_1/system_LEDs_4Bits_1.upgrade_log' instead.
WARNING: [Project 1-312] File not found as 'C:/Users/phil/git/zybo_base_linux/hw/zybo_base_linux/zybo_base_linux.srcs/sources_1/bd/system/ip/system_axi_protocol_converter_0_0/system_axi_protocol_converter_0_0.upgrade_log'; using path 'C:/Users/phil/Documents/vivado/zybo_base_system/source/vivado/hw/zybo_bsd/zybo_bsd.srcs/sources_1/bd/system/ip/system_axi_protocol_converter_0_0/system_axi_protocol_converter_0_0.upgrade_log' instead.
WARNING: [Project 1-312] File not found as 'C:/Users/phil/git/zybo_base_linux/hw/zybo_base_linux/zybo_base_linux.srcs/sources_1/bd/system/ip/system_xlconstant_0_2/system_xlconstant_0_2.upgrade_log'; using path 'C:/Users/phil/Documents/vivado/zybo_base_system/source/vivado/hw/zybo_bsd/zybo_bsd.srcs/sources_1/bd/system/ip/system_xlconstant_0_2/system_xlconstant_0_2.upgrade_log' instead.
WARNING: [Project 1-312] File not found as 'C:/Users/phil/git/zybo_base_linux/hw/zybo_base_linux/zybo_base_linux.srcs/sources_1/bd/system/ip/system_axi_mem_intercon_0/system_axi_mem_intercon_0.upgrade_log'; using path 'C:/Users/phil/Documents/vivado/zybo_base_system/source/vivado/hw/zybo_bsd/zybo_bsd.srcs/sources_1/bd/system/ip/system_axi_mem_intercon_0/system_axi_mem_intercon_0.upgrade_log' instead.
WARNING: [Project 1-312] File not found as 'C:/Users/phil/git/zybo_base_linux/hw/zybo_base_linux/zybo_base_linux.srcs/sources_1/bd/system/ip/system_processing_system7_0_0/system_processing_system7_0_0.upgrade_log'; using path 'C:/Users/phil/Documents/vivado/zybo_base_system/source/vivado/hw/zybo_bsd/zybo_bsd.srcs/sources_1/bd/system/ip/system_processing_system7_0_0/system_processing_system7_0_0.upgrade_log' instead.
WARNING: [Project 1-312] File not found as 'C:/Users/phil/git/zybo_base_linux/hw/zybo_base_linux/zybo_base_linux.srcs/sources_1/bd/system/ip/system_axi_vdma_0_0/system_axi_vdma_0_0.upgrade_log'; using path 'C:/Users/phil/Documents/vivado/zybo_base_system/source/vivado/hw/zybo_bsd/zybo_bsd.srcs/sources_1/bd/system/ip/system_axi_vdma_0_0/system_axi_vdma_0_0.upgrade_log' instead.
WARNING: [Project 1-312] File not found as 'C:/Users/phil/git/zybo_base_linux/hw/zybo_base_linux/zybo_base_linux.srcs/sources_1/bd/system/ip/system_axi_vdma_1_1/system_axi_vdma_1_1.upgrade_log'; using path 'C:/Users/phil/Documents/vivado/zybo_base_system/source/vivado/hw/zybo_bsd/zybo_bsd.srcs/sources_1/bd/system/ip/system_axi_vdma_1_1/system_axi_vdma_1_1.upgrade_log' instead.
WARNING: [Project 1-312] File not found as 'C:/Users/phil/git/zybo_base_linux/hw/zybo_base_linux/zybo_base_linux.srcs/sources_1/bd/system/ip/system_ground_0/system_ground_0.upgrade_log'; using path 'C:/Users/phil/Documents/vivado/zybo_base_system/source/vivado/hw/zybo_bsd/zybo_bsd.srcs/sources_1/bd/system/ip/system_ground_0/system_ground_0.upgrade_log' instead.
WARNING: [Project 1-312] File not found as 'C:/Users/phil/git/zybo_base_linux/hw/zybo_base_linux/zybo_base_linux.srcs/constrs_1/new/base.xdc'; using path 'C:/Users/phil/Documents/vivado/zybo_base_system/source/vivado/hw/zybo_bsd/zybo_bsd.srcs/constrs_1/new/base.xdc' instead.
WARNING: [Project 1-312] File not found as 'C:/Users/phil/git/zybo_base_linux/hw/zybo_base_linux/zybo_base_linux.data/constrs_1/designprops.xml'; using path 'C:/Users/phil/Documents/vivado/zybo_base_system/source/vivado/hw/zybo_bsd/zybo_bsd.data/constrs_1/designprops.xml' instead.
WARNING: [Project 1-312] File not found as 'C:/Users/phil/git/zybo_base_linux/hw/zybo_base_linux/zybo_base_linux.data/constrs_1/usercols.xml'; using path 'C:/Users/phil/Documents/vivado/zybo_base_system/source/vivado/hw/zybo_bsd/zybo_bsd.data/constrs_1/usercols.xml' instead.
Scanning sources...
Finished scanning sources
WARNING: [Project 1-509] GeneratedRun file for 'synth_1' not found
WARNING: [Project 1-509] GeneratedRun file for 'impl_1' not found
INFO: [IP_Flow 19-234] Refreshing IP repositories
INFO: [IP_Flow 19-1700] Loaded user IP repository 'c:/Users/phil/git/zybo_base_linux/hw/lib'.
INFO: [IP_Flow 19-2313] Loaded Vivado IP repository 'C:/Xilinx/Vivado/2014.2/data/ip'.
open_project: Time (s): cpu = 00:00:13 ; elapsed = 00:00:09 . Memory (MB): peak = 916.223 ; gain = 77.020
open_hw
reset_run synth_1
launch_runs impl_1 -to_step write_bitstream
WARNING: [filemgmt 20-1763] Vivado Synthesis ignores library specification for Verilog or SystemVerilog files. [C:/Users/phil/Documents/vivado/zybo_base_system/source/vivado/hw/zybo_bsd/zybo_bsd.srcs/sources_1/bd/system/hdl/system_wrapper.v]
INFO: [Memdata 28-152] Did  not create MIG processor data. C:/Users/phil/Documents/vivado/zybo_base_system/source/vivado/hw/zybo_bsd/zybo_bsd.srcs/sources_1/bd/system/ip/system_BTNs_4Bits_0/system_BTNs_4Bits_0.xci
INFO: [Memdata 28-152] Did  not create MIG processor data. C:/Users/phil/Documents/vivado/zybo_base_system/source/vivado/hw/zybo_bsd/zybo_bsd.srcs/sources_1/bd/system/ip/system_LEDs_4Bits_1/system_LEDs_4Bits_1.xci
INFO: [Memdata 28-152] Did  not create MIG processor data. C:/Users/phil/Documents/vivado/zybo_base_system/source/vivado/hw/zybo_bsd/zybo_bsd.srcs/sources_1/bd/system/ip/system_SWs_4Bits_2/system_SWs_4Bits_2.xci
INFO: [Memdata 28-152] Did  not create MIG processor data. C:/Users/phil/Documents/vivado/zybo_base_system/source/vivado/hw/zybo_bsd/zybo_bsd.srcs/sources_1/bd/system/ip/system_axi_dispctrl_0_0/system_axi_dispctrl_0_0.xci
INFO: [Memdata 28-152] Did  not create MIG processor data. C:/Users/phil/Documents/vivado/zybo_base_system/source/vivado/hw/zybo_bsd/zybo_bsd.srcs/sources_1/bd/system/ip/system_axi_dispctrl_1_1/system_axi_dispctrl_1_1.xci
INFO: [Memdata 28-152] Did  not create MIG processor data. C:/Users/phil/Documents/vivado/zybo_base_system/source/vivado/hw/zybo_bsd/zybo_bsd.srcs/sources_1/bd/system/ip/system_axi_i2s_adi_1_0/system_axi_i2s_adi_1_0.xci
INFO: [Memdata 28-152] Did  not create MIG processor data. C:/Users/phil/Documents/vivado/zybo_base_system/source/vivado/hw/zybo_bsd/zybo_bsd.srcs/sources_1/bd/system/ip/system_axi_mem_intercon_0/system_axi_mem_intercon_0.xci
INFO: [Memdata 28-152] Did  not create MIG processor data. C:/Users/phil/Documents/vivado/zybo_base_system/source/vivado/hw/zybo_bsd/zybo_bsd.srcs/sources_1/bd/system/ip/system_axi_protocol_converter_0_0/system_axi_protocol_converter_0_0.xci
INFO: [Memdata 28-152] Did  not create MIG processor data. C:/Users/phil/Documents/vivado/zybo_base_system/source/vivado/hw/zybo_bsd/zybo_bsd.srcs/sources_1/bd/system/ip/system_axi_vdma_0_0/system_axi_vdma_0_0.xci
INFO: [Memdata 28-152] Did  not create MIG processor data. C:/Users/phil/Documents/vivado/zybo_base_system/source/vivado/hw/zybo_bsd/zybo_bsd.srcs/sources_1/bd/system/ip/system_axi_vdma_1_1/system_axi_vdma_1_1.xci
INFO: [Memdata 28-152] Did  not create MIG processor data. C:/Users/phil/Documents/vivado/zybo_base_system/source/vivado/hw/zybo_bsd/zybo_bsd.srcs/sources_1/bd/system/ip/system_ground_0/system_ground_0.xci
INFO: [Memdata 28-152] Did  not create MIG processor data. C:/Users/phil/Documents/vivado/zybo_base_system/source/vivado/hw/zybo_bsd/zybo_bsd.srcs/sources_1/bd/system/ip/system_hdmi_tx_0_0/system_hdmi_tx_0_0.xci
INFO: [Memdata 28-152] Did  not create MIG processor data. C:/Users/phil/Documents/vivado/zybo_base_system/source/vivado/hw/zybo_bsd/zybo_bsd.srcs/sources_1/bd/system/ip/system_processing_system7_0_0/system_processing_system7_0_0.xci
INFO: [Memdata 28-152] Did  not create MIG processor data. C:/Users/phil/Documents/vivado/zybo_base_system/source/vivado/hw/zybo_bsd/zybo_bsd.srcs/sources_1/bd/system/ip/system_processing_system7_0_axi_periph_2/system_processing_system7_0_axi_periph_2.xci
INFO: [Memdata 28-152] Did  not create MIG processor data. C:/Users/phil/Documents/vivado/zybo_base_system/source/vivado/hw/zybo_bsd/zybo_bsd.srcs/sources_1/bd/system/ip/system_vdd_1/system_vdd_1.xci
INFO: [Memdata 28-152] Did  not create MIG processor data. C:/Users/phil/Documents/vivado/zybo_base_system/source/vivado/hw/zybo_bsd/zybo_bsd.srcs/sources_1/bd/system/ip/system_xlconstant_0_2/system_xlconstant_0_2.xci
INFO: [Memdata 28-152] Did  not create MIG processor data. C:/Users/phil/Documents/vivado/zybo_base_system/source/vivado/hw/zybo_bsd/zybo_bsd.srcs/sources_1/bd/system/ip/system_xbar_0/system_xbar_0.xci
INFO: [Memdata 28-152] Did  not create MIG processor data. C:/Users/phil/Documents/vivado/zybo_base_system/source/vivado/hw/zybo_bsd/zybo_bsd.srcs/sources_1/bd/system/ip/system_xbar_1/system_xbar_1.xci
INFO: [Memdata 28-152] Did  not create MIG processor data. C:/Users/phil/Documents/vivado/zybo_base_system/source/vivado/hw/zybo_bsd/zybo_bsd.srcs/sources_1/bd/system/ip/system_xlconcat_0_0/system_xlconcat_0_0.xci
INFO: [Memdata 28-152] Did  not create MIG processor data. C:/Users/phil/Documents/vivado/zybo_base_system/source/vivado/hw/zybo_bsd/zybo_bsd.srcs/sources_1/bd/system/ip/system_m00_regslice_0/system_m00_regslice_0.xci
INFO: [Memdata 28-152] Did  not create MIG processor data. C:/Users/phil/Documents/vivado/zybo_base_system/source/vivado/hw/zybo_bsd/zybo_bsd.srcs/sources_1/bd/system/ip/system_m01_regslice_0/system_m01_regslice_0.xci
INFO: [Memdata 28-152] Did  not create MIG processor data. C:/Users/phil/Documents/vivado/zybo_base_system/source/vivado/hw/zybo_bsd/zybo_bsd.srcs/sources_1/bd/system/ip/system_m02_regslice_0/system_m02_regslice_0.xci
INFO: [Memdata 28-152] Did  not create MIG processor data. C:/Users/phil/Documents/vivado/zybo_base_system/source/vivado/hw/zybo_bsd/zybo_bsd.srcs/sources_1/bd/system/ip/system_m03_regslice_0/system_m03_regslice_0.xci
INFO: [Memdata 28-152] Did  not create MIG processor data. C:/Users/phil/Documents/vivado/zybo_base_system/source/vivado/hw/zybo_bsd/zybo_bsd.srcs/sources_1/bd/system/ip/system_m04_regslice_0/system_m04_regslice_0.xci
INFO: [Memdata 28-152] Did  not create MIG processor data. C:/Users/phil/Documents/vivado/zybo_base_system/source/vivado/hw/zybo_bsd/zybo_bsd.srcs/sources_1/bd/system/ip/system_m05_regslice_0/system_m05_regslice_0.xci
INFO: [Memdata 28-152] Did  not create MIG processor data. C:/Users/phil/Documents/vivado/zybo_base_system/source/vivado/hw/zybo_bsd/zybo_bsd.srcs/sources_1/bd/system/ip/system_m06_regslice_0/system_m06_regslice_0.xci
INFO: [Memdata 28-152] Did  not create MIG processor data. C:/Users/phil/Documents/vivado/zybo_base_system/source/vivado/hw/zybo_bsd/zybo_bsd.srcs/sources_1/bd/system/ip/system_m07_regslice_0/system_m07_regslice_0.xci
INFO: [Memdata 28-152] Did  not create MIG processor data. C:/Users/phil/Documents/vivado/zybo_base_system/source/vivado/hw/zybo_bsd/zybo_bsd.srcs/sources_1/bd/system/ip/system_auto_pc_0/system_auto_pc_0.xci
INFO: [Memdata 28-152] Did  not create MIG processor data. C:/Users/phil/Documents/vivado/zybo_base_system/source/vivado/hw/zybo_bsd/zybo_bsd.srcs/sources_1/bd/system/ip/system_BTNs_4Bits_0/system_BTNs_4Bits_0.xci
INFO: [Memdata 28-152] Did  not create MIG processor data. C:/Users/phil/Documents/vivado/zybo_base_system/source/vivado/hw/zybo_bsd/zybo_bsd.srcs/sources_1/bd/system/ip/system_LEDs_4Bits_1/system_LEDs_4Bits_1.xci
INFO: [Memdata 28-152] Did  not create MIG processor data. C:/Users/phil/Documents/vivado/zybo_base_system/source/vivado/hw/zybo_bsd/zybo_bsd.srcs/sources_1/bd/system/ip/system_SWs_4Bits_2/system_SWs_4Bits_2.xci
INFO: [Memdata 28-152] Did  not create MIG processor data. C:/Users/phil/Documents/vivado/zybo_base_system/source/vivado/hw/zybo_bsd/zybo_bsd.srcs/sources_1/bd/system/ip/system_axi_dispctrl_0_0/system_axi_dispctrl_0_0.xci
INFO: [Memdata 28-152] Did  not create MIG processor data. C:/Users/phil/Documents/vivado/zybo_base_system/source/vivado/hw/zybo_bsd/zybo_bsd.srcs/sources_1/bd/system/ip/system_axi_dispctrl_1_1/system_axi_dispctrl_1_1.xci
INFO: [Memdata 28-152] Did  not create MIG processor data. C:/Users/phil/Documents/vivado/zybo_base_system/source/vivado/hw/zybo_bsd/zybo_bsd.srcs/sources_1/bd/system/ip/system_axi_i2s_adi_1_0/system_axi_i2s_adi_1_0.xci
INFO: [Memdata 28-152] Did  not create MIG processor data. C:/Users/phil/Documents/vivado/zybo_base_system/source/vivado/hw/zybo_bsd/zybo_bsd.srcs/sources_1/bd/system/ip/system_axi_mem_intercon_0/system_axi_mem_intercon_0.xci
INFO: [Memdata 28-152] Did  not create MIG processor data. C:/Users/phil/Documents/vivado/zybo_base_system/source/vivado/hw/zybo_bsd/zybo_bsd.srcs/sources_1/bd/system/ip/system_axi_protocol_converter_0_0/system_axi_protocol_converter_0_0.xci
INFO: [Memdata 28-152] Did  not create MIG processor data. C:/Users/phil/Documents/vivado/zybo_base_system/source/vivado/hw/zybo_bsd/zybo_bsd.srcs/sources_1/bd/system/ip/system_axi_vdma_0_0/system_axi_vdma_0_0.xci
INFO: [Memdata 28-152] Did  not create MIG processor data. C:/Users/phil/Documents/vivado/zybo_base_system/source/vivado/hw/zybo_bsd/zybo_bsd.srcs/sources_1/bd/system/ip/system_axi_vdma_1_1/system_axi_vdma_1_1.xci
INFO: [Memdata 28-152] Did  not create MIG processor data. C:/Users/phil/Documents/vivado/zybo_base_system/source/vivado/hw/zybo_bsd/zybo_bsd.srcs/sources_1/bd/system/ip/system_ground_0/system_ground_0.xci
INFO: [Memdata 28-152] Did  not create MIG processor data. C:/Users/phil/Documents/vivado/zybo_base_system/source/vivado/hw/zybo_bsd/zybo_bsd.srcs/sources_1/bd/system/ip/system_hdmi_tx_0_0/system_hdmi_tx_0_0.xci
INFO: [Memdata 28-152] Did  not create MIG processor data. C:/Users/phil/Documents/vivado/zybo_base_system/source/vivado/hw/zybo_bsd/zybo_bsd.srcs/sources_1/bd/system/ip/system_processing_system7_0_0/system_processing_system7_0_0.xci
INFO: [Memdata 28-152] Did  not create MIG processor data. C:/Users/phil/Documents/vivado/zybo_base_system/source/vivado/hw/zybo_bsd/zybo_bsd.srcs/sources_1/bd/system/ip/system_processing_system7_0_axi_periph_2/system_processing_system7_0_axi_periph_2.xci
INFO: [Memdata 28-152] Did  not create MIG processor data. C:/Users/phil/Documents/vivado/zybo_base_system/source/vivado/hw/zybo_bsd/zybo_bsd.srcs/sources_1/bd/system/ip/system_vdd_1/system_vdd_1.xci
INFO: [Memdata 28-152] Did  not create MIG processor data. C:/Users/phil/Documents/vivado/zybo_base_system/source/vivado/hw/zybo_bsd/zybo_bsd.srcs/sources_1/bd/system/ip/system_xlconstant_0_2/system_xlconstant_0_2.xci
INFO: [Memdata 28-152] Did  not create MIG processor data. C:/Users/phil/Documents/vivado/zybo_base_system/source/vivado/hw/zybo_bsd/zybo_bsd.srcs/sources_1/bd/system/ip/system_xbar_0/system_xbar_0.xci
INFO: [Memdata 28-152] Did  not create MIG processor data. C:/Users/phil/Documents/vivado/zybo_base_system/source/vivado/hw/zybo_bsd/zybo_bsd.srcs/sources_1/bd/system/ip/system_xbar_1/system_xbar_1.xci
INFO: [Memdata 28-152] Did  not create MIG processor data. C:/Users/phil/Documents/vivado/zybo_base_system/source/vivado/hw/zybo_bsd/zybo_bsd.srcs/sources_1/bd/system/ip/system_xlconcat_0_0/system_xlconcat_0_0.xci
INFO: [Memdata 28-152] Did  not create MIG processor data. C:/Users/phil/Documents/vivado/zybo_base_system/source/vivado/hw/zybo_bsd/zybo_bsd.srcs/sources_1/bd/system/ip/system_m00_regslice_0/system_m00_regslice_0.xci
INFO: [Memdata 28-152] Did  not create MIG processor data. C:/Users/phil/Documents/vivado/zybo_base_system/source/vivado/hw/zybo_bsd/zybo_bsd.srcs/sources_1/bd/system/ip/system_m01_regslice_0/system_m01_regslice_0.xci
INFO: [Memdata 28-152] Did  not create MIG processor data. C:/Users/phil/Documents/vivado/zybo_base_system/source/vivado/hw/zybo_bsd/zybo_bsd.srcs/sources_1/bd/system/ip/system_m02_regslice_0/system_m02_regslice_0.xci
INFO: [Memdata 28-152] Did  not create MIG processor data. C:/Users/phil/Documents/vivado/zybo_base_system/source/vivado/hw/zybo_bsd/zybo_bsd.srcs/sources_1/bd/system/ip/system_m03_regslice_0/system_m03_regslice_0.xci
INFO: [Memdata 28-152] Did  not create MIG processor data. C:/Users/phil/Documents/vivado/zybo_base_system/source/vivado/hw/zybo_bsd/zybo_bsd.srcs/sources_1/bd/system/ip/system_m04_regslice_0/system_m04_regslice_0.xci
INFO: [Memdata 28-152] Did  not create MIG processor data. C:/Users/phil/Documents/vivado/zybo_base_system/source/vivado/hw/zybo_bsd/zybo_bsd.srcs/sources_1/bd/system/ip/system_m05_regslice_0/system_m05_regslice_0.xci
INFO: [Memdata 28-152] Did  not create MIG processor data. C:/Users/phil/Documents/vivado/zybo_base_system/source/vivado/hw/zybo_bsd/zybo_bsd.srcs/sources_1/bd/system/ip/system_m06_regslice_0/system_m06_regslice_0.xci
INFO: [Memdata 28-152] Did  not create MIG processor data. C:/Users/phil/Documents/vivado/zybo_base_system/source/vivado/hw/zybo_bsd/zybo_bsd.srcs/sources_1/bd/system/ip/system_m07_regslice_0/system_m07_regslice_0.xci
INFO: [Memdata 28-152] Did  not create MIG processor data. C:/Users/phil/Documents/vivado/zybo_base_system/source/vivado/hw/zybo_bsd/zybo_bsd.srcs/sources_1/bd/system/ip/system_auto_pc_0/system_auto_pc_0.xci
[Tue Sep 30 18:59:12 2014] Launched synth_1...
Run output will be captured here: C:/Users/phil/git/zybo_base_linux/hw/zybo_base_linux/zybo_base_linux.runs/synth_1/runme.log
[Tue Sep 30 18:59:12 2014] Launched impl_1...
Run output will be captured here: C:/Users/phil/git/zybo_base_linux/hw/zybo_base_linux/zybo_base_linux.runs/impl_1/runme.log
open_bd_design {C:/Users/phil/Documents/vivado/zybo_base_system/source/vivado/hw/zybo_bsd/zybo_bsd.srcs/sources_1/bd/system/system.bd}
Adding component instance block -- Digilent:digilent:axi_dispctrl:1.0 - axi_dispctrl_0
Adding component instance block -- Digilent:digilent:axi_dispctrl:1.0 - axi_dispctrl_1
Adding component instance block -- analogdeviceinc.com:adi:axi_i2s_adi:1.0 - axi_i2s_adi_1
Adding component instance block -- digilentinc.com:digilent:hdmi_tx:1.0 - hdmi_tx_0
Adding component instance block -- xilinx.com:ip:xlconstant:1.1 - vdd
Adding component instance block -- xilinx.com:ip:axi_gpio:2.0 - SWs_4Bits
Adding component instance block -- xilinx.com:ip:axi_gpio:2.0 - BTNs_4Bits
Adding component instance block -- xilinx.com:ip:axi_gpio:2.0 - LEDs_4Bits
Adding component instance block -- xilinx.com:ip:axi_protocol_converter:2.1 - axi_protocol_converter_0
Adding component instance block -- xilinx.com:ip:xlconstant:1.1 - xlconstant_0
Adding component instance block -- xilinx.com:ip:processing_system7:5.4 - processing_system7_0
Adding component instance block -- xilinx.com:ip:axi_vdma:6.2 - axi_vdma_0
Adding component instance block -- xilinx.com:ip:axi_vdma:6.2 - axi_vdma_1
Adding component instance block -- xilinx.com:ip:xlconstant:1.1 - ground
Adding component instance block -- xilinx.com:ip:xlconcat:2.1 - xlconcat_0
Adding component instance block -- xilinx.com:ip:axi_crossbar:2.1 - xbar
Adding component instance block -- xilinx.com:ip:axi_protocol_converter:2.1 - auto_pc
Adding component instance block -- xilinx.com:ip:axi_crossbar:2.1 - xbar
Adding component instance block -- xilinx.com:ip:axi_register_slice:2.1 - m07_regslice
Adding component instance block -- xilinx.com:ip:axi_register_slice:2.1 - m06_regslice
Adding component instance block -- xilinx.com:ip:axi_register_slice:2.1 - m05_regslice
Adding component instance block -- xilinx.com:ip:axi_register_slice:2.1 - m04_regslice
Adding component instance block -- xilinx.com:ip:axi_register_slice:2.1 - m03_regslice
Adding component instance block -- xilinx.com:ip:axi_register_slice:2.1 - m02_regslice
Adding component instance block -- xilinx.com:ip:axi_register_slice:2.1 - m01_regslice
Adding component instance block -- xilinx.com:ip:axi_register_slice:2.1 - m00_regslice
Successfully read diagram <system> from BD file <C:/Users/phil/Documents/vivado/zybo_base_system/source/vivado/hw/zybo_bsd/zybo_bsd.srcs/sources_1/bd/system/system.bd>
open_bd_design: Time (s): cpu = 00:00:25 ; elapsed = 00:00:32 . Memory (MB): peak = 1183.656 ; gain = 244.180
open_run impl_1
INFO: [Netlist 29-17] Analyzing 227 Unisim elements for replacement
INFO: [Netlist 29-28] Unisim Transformation completed in 0 CPU seconds
INFO: [Project 1-479] Netlist was created with Vivado 2014.2
Loading clock regions from C:/Xilinx/Vivado/2014.2/data\parts/xilinx/zynq/zynq/xc7z010/ClockRegion.xml
Loading clock buffers from C:/Xilinx/Vivado/2014.2/data\parts/xilinx/zynq/zynq/xc7z010/ClockBuffers.xml
Loading clock placement rules from C:/Xilinx/Vivado/2014.2/data/parts/xilinx/zynq/ClockPlacerRules.xml
Loading package pin functions from C:/Xilinx/Vivado/2014.2/data\parts/xilinx/zynq/PinFunctions.xml...
Loading package from C:/Xilinx/Vivado/2014.2/data\parts/xilinx/zynq/zynq/xc7z010/clg400/Package.xml
Loading io standards from C:/Xilinx/Vivado/2014.2/data\./parts/xilinx/zynq/IOStandards.xml
Parsing XDC File [C:/Users/phil/git/zybo_base_linux/hw/zybo_base_linux/.Xil/Vivado-1864-Jupiter/dcp/system_wrapper_early.xdc]
Finished Parsing XDC File [C:/Users/phil/git/zybo_base_linux/hw/zybo_base_linux/.Xil/Vivado-1864-Jupiter/dcp/system_wrapper_early.xdc]
Parsing XDC File [C:/Users/phil/git/zybo_base_linux/hw/zybo_base_linux/.Xil/Vivado-1864-Jupiter/dcp/system_wrapper.xdc]
Finished Parsing XDC File [C:/Users/phil/git/zybo_base_linux/hw/zybo_base_linux/.Xil/Vivado-1864-Jupiter/dcp/system_wrapper.xdc]
Parsing XDC File [C:/Users/phil/git/zybo_base_linux/hw/zybo_base_linux/.Xil/Vivado-1864-Jupiter/dcp/system_wrapper_late.xdc]
Finished Parsing XDC File [C:/Users/phil/git/zybo_base_linux/hw/zybo_base_linux/.Xil/Vivado-1864-Jupiter/dcp/system_wrapper_late.xdc]
Reading XDEF placement.
Reading XDEF routing.
Read XDEF File: Time (s): cpu = 00:00:02 ; elapsed = 00:00:02 . Memory (MB): peak = 1576.434 ; gain = 0.000
Restoring placement.
Restored 2663 out of 2663 XDEF sites from archive | CPU: 5.000000 secs | Memory: 0.000000 MB |
INFO: [Opt 31-138] Pushed 0 inverter(s) to 0 load pin(s).
INFO: [Memdata 28-152] Did  not create MIG processor data. C:/Users/phil/Documents/vivado/zybo_base_system/source/vivado/hw/zybo_bsd/zybo_bsd.srcs/sources_1/bd/system/ip/system_BTNs_4Bits_0/system_BTNs_4Bits_0.xci
INFO: [Memdata 28-152] Did  not create MIG processor data. C:/Users/phil/Documents/vivado/zybo_base_system/source/vivado/hw/zybo_bsd/zybo_bsd.srcs/sources_1/bd/system/ip/system_LEDs_4Bits_1/system_LEDs_4Bits_1.xci
INFO: [Memdata 28-152] Did  not create MIG processor data. C:/Users/phil/Documents/vivado/zybo_base_system/source/vivado/hw/zybo_bsd/zybo_bsd.srcs/sources_1/bd/system/ip/system_SWs_4Bits_2/system_SWs_4Bits_2.xci
INFO: [Memdata 28-152] Did  not create MIG processor data. C:/Users/phil/Documents/vivado/zybo_base_system/source/vivado/hw/zybo_bsd/zybo_bsd.srcs/sources_1/bd/system/ip/system_axi_dispctrl_0_0/system_axi_dispctrl_0_0.xci
INFO: [Memdata 28-152] Did  not create MIG processor data. C:/Users/phil/Documents/vivado/zybo_base_system/source/vivado/hw/zybo_bsd/zybo_bsd.srcs/sources_1/bd/system/ip/system_axi_dispctrl_1_1/system_axi_dispctrl_1_1.xci
INFO: [Memdata 28-152] Did  not create MIG processor data. C:/Users/phil/Documents/vivado/zybo_base_system/source/vivado/hw/zybo_bsd/zybo_bsd.srcs/sources_1/bd/system/ip/system_axi_i2s_adi_1_0/system_axi_i2s_adi_1_0.xci
INFO: [Memdata 28-152] Did  not create MIG processor data. C:/Users/phil/Documents/vivado/zybo_base_system/source/vivado/hw/zybo_bsd/zybo_bsd.srcs/sources_1/bd/system/ip/system_axi_mem_intercon_0/system_axi_mem_intercon_0.xci
INFO: [Memdata 28-152] Did  not create MIG processor data. C:/Users/phil/Documents/vivado/zybo_base_system/source/vivado/hw/zybo_bsd/zybo_bsd.srcs/sources_1/bd/system/ip/system_axi_protocol_converter_0_0/system_axi_protocol_converter_0_0.xci
INFO: [Memdata 28-152] Did  not create MIG processor data. C:/Users/phil/Documents/vivado/zybo_base_system/source/vivado/hw/zybo_bsd/zybo_bsd.srcs/sources_1/bd/system/ip/system_axi_vdma_0_0/system_axi_vdma_0_0.xci
INFO: [Memdata 28-152] Did  not create MIG processor data. C:/Users/phil/Documents/vivado/zybo_base_system/source/vivado/hw/zybo_bsd/zybo_bsd.srcs/sources_1/bd/system/ip/system_axi_vdma_1_1/system_axi_vdma_1_1.xci
INFO: [Memdata 28-152] Did  not create MIG processor data. C:/Users/phil/Documents/vivado/zybo_base_system/source/vivado/hw/zybo_bsd/zybo_bsd.srcs/sources_1/bd/system/ip/system_ground_0/system_ground_0.xci
INFO: [Memdata 28-152] Did  not create MIG processor data. C:/Users/phil/Documents/vivado/zybo_base_system/source/vivado/hw/zybo_bsd/zybo_bsd.srcs/sources_1/bd/system/ip/system_hdmi_tx_0_0/system_hdmi_tx_0_0.xci
INFO: [Memdata 28-152] Did  not create MIG processor data. C:/Users/phil/Documents/vivado/zybo_base_system/source/vivado/hw/zybo_bsd/zybo_bsd.srcs/sources_1/bd/system/ip/system_processing_system7_0_0/system_processing_system7_0_0.xci
INFO: [Memdata 28-152] Did  not create MIG processor data. C:/Users/phil/Documents/vivado/zybo_base_system/source/vivado/hw/zybo_bsd/zybo_bsd.srcs/sources_1/bd/system/ip/system_processing_system7_0_axi_periph_2/system_processing_system7_0_axi_periph_2.xci
INFO: [Memdata 28-152] Did  not create MIG processor data. C:/Users/phil/Documents/vivado/zybo_base_system/source/vivado/hw/zybo_bsd/zybo_bsd.srcs/sources_1/bd/system/ip/system_vdd_1/system_vdd_1.xci
INFO: [Memdata 28-152] Did  not create MIG processor data. C:/Users/phil/Documents/vivado/zybo_base_system/source/vivado/hw/zybo_bsd/zybo_bsd.srcs/sources_1/bd/system/ip/system_xlconstant_0_2/system_xlconstant_0_2.xci
INFO: [Memdata 28-152] Did  not create MIG processor data. C:/Users/phil/Documents/vivado/zybo_base_system/source/vivado/hw/zybo_bsd/zybo_bsd.srcs/sources_1/bd/system/ip/system_xbar_0/system_xbar_0.xci
INFO: [Memdata 28-152] Did  not create MIG processor data. C:/Users/phil/Documents/vivado/zybo_base_system/source/vivado/hw/zybo_bsd/zybo_bsd.srcs/sources_1/bd/system/ip/system_xbar_1/system_xbar_1.xci
INFO: [Memdata 28-152] Did  not create MIG processor data. C:/Users/phil/Documents/vivado/zybo_base_system/source/vivado/hw/zybo_bsd/zybo_bsd.srcs/sources_1/bd/system/ip/system_xlconcat_0_0/system_xlconcat_0_0.xci
INFO: [Memdata 28-152] Did  not create MIG processor data. C:/Users/phil/Documents/vivado/zybo_base_system/source/vivado/hw/zybo_bsd/zybo_bsd.srcs/sources_1/bd/system/ip/system_m00_regslice_0/system_m00_regslice_0.xci
INFO: [Memdata 28-152] Did  not create MIG processor data. C:/Users/phil/Documents/vivado/zybo_base_system/source/vivado/hw/zybo_bsd/zybo_bsd.srcs/sources_1/bd/system/ip/system_m01_regslice_0/system_m01_regslice_0.xci
INFO: [Memdata 28-152] Did  not create MIG processor data. C:/Users/phil/Documents/vivado/zybo_base_system/source/vivado/hw/zybo_bsd/zybo_bsd.srcs/sources_1/bd/system/ip/system_m02_regslice_0/system_m02_regslice_0.xci
INFO: [Memdata 28-152] Did  not create MIG processor data. C:/Users/phil/Documents/vivado/zybo_base_system/source/vivado/hw/zybo_bsd/zybo_bsd.srcs/sources_1/bd/system/ip/system_m03_regslice_0/system_m03_regslice_0.xci
INFO: [Memdata 28-152] Did  not create MIG processor data. C:/Users/phil/Documents/vivado/zybo_base_system/source/vivado/hw/zybo_bsd/zybo_bsd.srcs/sources_1/bd/system/ip/system_m04_regslice_0/system_m04_regslice_0.xci
INFO: [Memdata 28-152] Did  not create MIG processor data. C:/Users/phil/Documents/vivado/zybo_base_system/source/vivado/hw/zybo_bsd/zybo_bsd.srcs/sources_1/bd/system/ip/system_m05_regslice_0/system_m05_regslice_0.xci
INFO: [Memdata 28-152] Did  not create MIG processor data. C:/Users/phil/Documents/vivado/zybo_base_system/source/vivado/hw/zybo_bsd/zybo_bsd.srcs/sources_1/bd/system/ip/system_m06_regslice_0/system_m06_regslice_0.xci
INFO: [Memdata 28-152] Did  not create MIG processor data. C:/Users/phil/Documents/vivado/zybo_base_system/source/vivado/hw/zybo_bsd/zybo_bsd.srcs/sources_1/bd/system/ip/system_m07_regslice_0/system_m07_regslice_0.xci
INFO: [Memdata 28-152] Did  not create MIG processor data. C:/Users/phil/Documents/vivado/zybo_base_system/source/vivado/hw/zybo_bsd/zybo_bsd.srcs/sources_1/bd/system/ip/system_auto_pc_0/system_auto_pc_0.xci
INFO: [Memdata 28-152] Did  not create MIG processor data. C:/Users/phil/Documents/vivado/zybo_base_system/source/vivado/hw/zybo_bsd/zybo_bsd.srcs/sources_1/bd/system/ip/system_BTNs_4Bits_0/system_BTNs_4Bits_0.xci
INFO: [Memdata 28-152] Did  not create MIG processor data. C:/Users/phil/Documents/vivado/zybo_base_system/source/vivado/hw/zybo_bsd/zybo_bsd.srcs/sources_1/bd/system/ip/system_LEDs_4Bits_1/system_LEDs_4Bits_1.xci
INFO: [Memdata 28-152] Did  not create MIG processor data. C:/Users/phil/Documents/vivado/zybo_base_system/source/vivado/hw/zybo_bsd/zybo_bsd.srcs/sources_1/bd/system/ip/system_SWs_4Bits_2/system_SWs_4Bits_2.xci
INFO: [Memdata 28-152] Did  not create MIG processor data. C:/Users/phil/Documents/vivado/zybo_base_system/source/vivado/hw/zybo_bsd/zybo_bsd.srcs/sources_1/bd/system/ip/system_axi_dispctrl_0_0/system_axi_dispctrl_0_0.xci
INFO: [Memdata 28-152] Did  not create MIG processor data. C:/Users/phil/Documents/vivado/zybo_base_system/source/vivado/hw/zybo_bsd/zybo_bsd.srcs/sources_1/bd/system/ip/system_axi_dispctrl_1_1/system_axi_dispctrl_1_1.xci
INFO: [Memdata 28-152] Did  not create MIG processor data. C:/Users/phil/Documents/vivado/zybo_base_system/source/vivado/hw/zybo_bsd/zybo_bsd.srcs/sources_1/bd/system/ip/system_axi_i2s_adi_1_0/system_axi_i2s_adi_1_0.xci
INFO: [Memdata 28-152] Did  not create MIG processor data. C:/Users/phil/Documents/vivado/zybo_base_system/source/vivado/hw/zybo_bsd/zybo_bsd.srcs/sources_1/bd/system/ip/system_axi_mem_intercon_0/system_axi_mem_intercon_0.xci
INFO: [Memdata 28-152] Did  not create MIG processor data. C:/Users/phil/Documents/vivado/zybo_base_system/source/vivado/hw/zybo_bsd/zybo_bsd.srcs/sources_1/bd/system/ip/system_axi_protocol_converter_0_0/system_axi_protocol_converter_0_0.xci
INFO: [Memdata 28-152] Did  not create MIG processor data. C:/Users/phil/Documents/vivado/zybo_base_system/source/vivado/hw/zybo_bsd/zybo_bsd.srcs/sources_1/bd/system/ip/system_axi_vdma_0_0/system_axi_vdma_0_0.xci
INFO: [Memdata 28-152] Did  not create MIG processor data. C:/Users/phil/Documents/vivado/zybo_base_system/source/vivado/hw/zybo_bsd/zybo_bsd.srcs/sources_1/bd/system/ip/system_axi_vdma_1_1/system_axi_vdma_1_1.xci
INFO: [Memdata 28-152] Did  not create MIG processor data. C:/Users/phil/Documents/vivado/zybo_base_system/source/vivado/hw/zybo_bsd/zybo_bsd.srcs/sources_1/bd/system/ip/system_ground_0/system_ground_0.xci
INFO: [Memdata 28-152] Did  not create MIG processor data. C:/Users/phil/Documents/vivado/zybo_base_system/source/vivado/hw/zybo_bsd/zybo_bsd.srcs/sources_1/bd/system/ip/system_hdmi_tx_0_0/system_hdmi_tx_0_0.xci
INFO: [Memdata 28-152] Did  not create MIG processor data. C:/Users/phil/Documents/vivado/zybo_base_system/source/vivado/hw/zybo_bsd/zybo_bsd.srcs/sources_1/bd/system/ip/system_processing_system7_0_0/system_processing_system7_0_0.xci
INFO: [Memdata 28-152] Did  not create MIG processor data. C:/Users/phil/Documents/vivado/zybo_base_system/source/vivado/hw/zybo_bsd/zybo_bsd.srcs/sources_1/bd/system/ip/system_processing_system7_0_axi_periph_2/system_processing_system7_0_axi_periph_2.xci
INFO: [Memdata 28-152] Did  not create MIG processor data. C:/Users/phil/Documents/vivado/zybo_base_system/source/vivado/hw/zybo_bsd/zybo_bsd.srcs/sources_1/bd/system/ip/system_vdd_1/system_vdd_1.xci
INFO: [Memdata 28-152] Did  not create MIG processor data. C:/Users/phil/Documents/vivado/zybo_base_system/source/vivado/hw/zybo_bsd/zybo_bsd.srcs/sources_1/bd/system/ip/system_xlconstant_0_2/system_xlconstant_0_2.xci
INFO: [Common 17-14] Message 'Memdata 28-152' appears 100 times and further instances of the messages will be disabled. Use the Tcl command set_msg_config to change the current settings.
INFO: [Project 1-111] Unisim Transformation Summary:
  A total of 19 instances were transformed.
  IOBUF => IOBUF (IBUF, OBUFT): 2 instances
  OBUFDS => OBUFDS: 4 instances
  RAM32M => RAM32M (RAMD32, RAMD32, RAMD32, RAMD32, RAMD32, RAMD32, RAMS32, RAMS32): 12 instances
  RAM32X1D => RAM32X1D (RAMD32, RAMD32): 1 instances

open_run: Time (s): cpu = 00:00:38 ; elapsed = 00:00:24 . Memory (MB): peak = 1735.219 ; gain = 446.945
file mkdir C:/Users/phil/git/zybo_base_linux/hw/zybo_base_linux/zybo_base_linux.sdk
file copy -force C:/Users/phil/git/zybo_base_linux/hw/zybo_base_linux/zybo_base_linux.runs/impl_1/system_wrapper.sysdef C:/Users/phil/git/zybo_base_linux/sw/system_wrapper.hdf

launch_sdk -workspace C:/Users/phil/git/zybo_base_linux/sw -hwspec C:/Users/phil/git/zybo_base_linux/sw/system_wrapper.hdf
INFO: [Vivado 12-393] Launching SDK...
INFO: [Vivado 12-417] Running xsdk -workspace C:/Users/phil/git/zybo_base_linux/sw -hwspec C:/Users/phil/git/zybo_base_linux/sw/system_wrapper.hdf
INFO: [Vivado 12-3157] SDK launch initiated. Please check console for any further messages.
write_project_tcl -all_properties -dump_project_info {C:/Users/phil/git/zybo_base_linux/hw/zybo_base_linux_create.tcl}
get_files: Time (s): cpu = 00:03:00 ; elapsed = 00:02:57 . Memory (MB): peak = 2370.875 ; gain = 139.961
INFO: [Vivado-projutils-8] Tcl script generated (C:/Users/phil/git/zybo_base_linux/hw/zybo_base_linux_create.tcl)

WARNING: [Vivado-projutils-10] Found source(s) that were local or imported into the project. If this project is being source controlled, then
                  please ensure that the project source(s) are also part of this source controlled data. The list of these local
                  source(s) can be found in the generated script under the header section.

::write_project_tcl: Time (s): cpu = 00:03:02 ; elapsed = 00:03:00 . Memory (MB): peak = 2370.875 ; gain = 139.961
